This is pdfTeX, Version 3.1415926-2.5-1.40.14 (TeX Live 2013) (format=pdflatex 2013.5.30)  1 FEB 2015 14:00
entering extended mode
 restricted \write18 enabled.
 file:line:error style messages enabled.
 %&-line parsing enabled.
**mymmaauth.cls
(./mymmaauth.cls
LaTeX2e <2011/06/27>
Babel <3.9f> and hyphenation patterns for 78 languages loaded.

LaTeX Warning: You have requested package `',
               but the package provides `mmaauth'.

Package: mmaauth 2009/09/02 v2.00\ Dept. of Math.

./mymmaauth.cls:42: LaTeX Error: Missing \begin{document}.

See the LaTeX manual or LaTeX Companion for explanation.
Type  H <return>  for immediate help.
 ...                                              
                                                  
l.42 \newif\if@
               cmbrightfont
? 
./mymmaauth.cls:42: Emergency stop.
 ...                                              
                                                  
l.42 \newif\if@
               cmbrightfont
You're in trouble here.  Try typing  <return>  to proceed.
If that doesn't work, type  X <return>  to quit.

 
Here is how much of TeX's memory you used:
 11 strings out of 493315
 291 string characters out of 6137904
 52158 words of memory out of 5000000
 3561 multiletter control sequences out of 15000+600000
 3640 words of font info for 14 fonts, out of 8000000 for 9000
 957 hyphenation exceptions out of 8191
 7i,0n,5p,99b,14s stack positions out of 5000i,500n,10000p,200000b,80000s
./mymmaauth.cls:42:  ==> Fatal error occurred, no output PDF file produced!
