This is pdfTeX, Version 3.1415926-2.5-1.40.14 (TeX Live 2013) (format=pdflatex 2013.5.30)  5 FEB 2015 13:15
entering extended mode
 restricted \write18 enabled.
 file:line:error style messages enabled.
 %&-line parsing enabled.
**examdoc.tex
(./examdoc.tex
LaTeX2e <2011/06/27>
Babel <3.9f> and hyphenation patterns for 78 languages loaded.
(/usr/local/texlive/2013/texmf-dist/tex/latex/exam/exam.cls
Document Class: exam 2011/05/22 Version 2.4 by Philip Hirschhorn
(/usr/local/texlive/2013/texmf-dist/tex/latex/base/ifthen.sty
Package: ifthen 2001/05/26 v1.1c Standard LaTeX ifthen package (DPC)
)
(/usr/local/texlive/2013/texmf-dist/tex/latex/base/article.cls
Document Class: article 2007/10/19 v1.4h Standard LaTeX document class
(/usr/local/texlive/2013/texmf-dist/tex/latex/base/size12.clo
File: size12.clo 2007/10/19 v1.4h Standard LaTeX file (size option)
)
\c@part=\count79
\c@section=\count80
\c@subsection=\count81
\c@subsubsection=\count82
\c@paragraph=\count83
\c@subparagraph=\count84
\c@figure=\count85
\c@table=\count86
\abovecaptionskip=\skip41
\belowcaptionskip=\skip42
\bibindent=\dimen102
)
\@extrawidth=\skip43
\@rightmargin=\skip44
\@extrahead=\skip45
\@extrafoot=\skip46
\run@exhd=\skip47
\fp@exhd=\skip48
\run@exft=\skip49
\fp@exft=\skip50
\covrun@exhd=\skip51
\covfp@exhd=\skip52
\covrun@exft=\skip53
\covfp@exft=\skip54
\c@num@coverpages=\count87
\c@latest@ques=\count88
\c@ques@end=\count89
\c@last@object=\count90
\c@incmp@ques=\count91
\c@next@ques=\count92
\c@nextq@page=\count93
\c@tmp@hlfcntr=\count94
\c@ifpos@cntr=\count95
\c@question=\count96
\c@partno=\count97
\c@subpart=\count98
\c@subsubpart=\count99
\c@choice=\count100
\c@numpoints=\count101
\c@numbonuspoints=\count102
\c@pointsof@thisquestion=\count103
\c@bonuspointsof@thisquestion=\count104
\c@numquestions=\count105
\c@numparts=\count106
\c@numsubparts=\count107
\c@numsubsubparts=\count108
\c@Curr@Page=\count109
\c@@pagepoints=\count110
\c@@pagebonuspoints=\count111
\c@pageof@pagepoints=\count112
\c@pageof@pagebonuspoints=\count113
\c@latest@points=\count114
\c@latest@bonuspoints=\count115
\pageinfo@commands=\toks14
\temp@toks=\toks15
\pagepoint@commands=\toks16
\point@toks=\toks17
\c@ques@object=\count116
\marginpointssep=\skip55
\rightpointsmargin=\skip56
\choice@toks=\toks18
\answerlinelength=\skip57
\answerskip=\skip58
\answerclearance=\skip59
\linefillheight=\skip60
\linefillthickness=\skip61
\dottedlinefillheight=\skip62
\minboxheight=\skip63
\c@@iterator=\count117
\@cellwidth=\skip64
\c@tbl@points=\count118
\c@tbl@bonuspoints=\count119
\c@num@cols=\count120
\saved@totalleftmargin=\dimen103
\@sollistdepth=\count121
\FrameRule=\dimen104
\FrameSep=\dimen105
)
(/usr/local/texlive/2013/texmf-dist/tex/latex/amsfonts/amssymb.sty
Package: amssymb 2013/01/14 v3.01 AMS font symbols

(/usr/local/texlive/2013/texmf-dist/tex/latex/amsfonts/amsfonts.sty
Package: amsfonts 2013/01/14 v3.01 Basic AMSFonts support
\@emptytoks=\toks19
\symAMSa=\mathgroup4
\symAMSb=\mathgroup5
LaTeX Font Info:    Overwriting math alphabet `\mathfrak' in version `bold'
(Font)                  U/euf/m/n --> U/euf/b/n on input line 106.
))
(/usr/local/texlive/2013/texmf-dist/tex/latex/base/makeidx.sty
Package: makeidx 2000/03/29 v1.0m Standard LaTeX package
)
(/usr/local/texlive/2013/texmf-dist/tex/latex/hyperref/hyperref.sty
Package: hyperref 2012/11/06 v6.83m Hypertext links for LaTeX

(/usr/local/texlive/2013/texmf-dist/tex/generic/oberdiek/hobsub-hyperref.sty
Package: hobsub-hyperref 2012/05/28 v1.13 Bundle oberdiek, subset hyperref (HO)


(/usr/local/texlive/2013/texmf-dist/tex/generic/oberdiek/hobsub-generic.sty
Package: hobsub-generic 2012/05/28 v1.13 Bundle oberdiek, subset generic (HO)
Package: hobsub 2012/05/28 v1.13 Construct package bundles (HO)
Package: infwarerr 2010/04/08 v1.3 Providing info/warning/error messages (HO)
Package: ltxcmds 2011/11/09 v1.22 LaTeX kernel commands for general use (HO)
Package: ifluatex 2010/03/01 v1.3 Provides the ifluatex switch (HO)
Package ifluatex Info: LuaTeX not detected.
Package: ifvtex 2010/03/01 v1.5 Detect VTeX and its facilities (HO)
Package ifvtex Info: VTeX not detected.
Package: intcalc 2007/09/27 v1.1 Expandable calculations with integers (HO)
Package: ifpdf 2011/01/30 v2.3 Provides the ifpdf switch (HO)
Package ifpdf Info: pdfTeX in PDF mode is detected.
Package: etexcmds 2011/02/16 v1.5 Avoid name clashes with e-TeX commands (HO)
Package etexcmds Info: Could not find \expanded.
(etexcmds)             That can mean that you are not using pdfTeX 1.50 or
(etexcmds)             that some package has redefined \expanded.
(etexcmds)             In the latter case, load this package earlier.
Package: kvsetkeys 2012/04/25 v1.16 Key value parser (HO)
Package: kvdefinekeys 2011/04/07 v1.3 Define keys (HO)
Package: pdftexcmds 2011/11/29 v0.20 Utility functions of pdfTeX for LuaTeX (HO
)
Package pdftexcmds Info: LuaTeX not detected.
Package pdftexcmds Info: \pdf@primitive is available.
Package pdftexcmds Info: \pdf@ifprimitive is available.
Package pdftexcmds Info: \pdfdraftmode found.
Package: pdfescape 2011/11/25 v1.13 Implements pdfTeX's escape features (HO)
Package: bigintcalc 2012/04/08 v1.3 Expandable calculations on big integers (HO
)
Package: bitset 2011/01/30 v1.1 Handle bit-vector datatype (HO)
Package: uniquecounter 2011/01/30 v1.2 Provide unlimited unique counter (HO)
)
Package hobsub Info: Skipping package `hobsub' (already loaded).
Package: letltxmacro 2010/09/02 v1.4 Let assignment for LaTeX macros (HO)
Package: hopatch 2012/05/28 v1.2 Wrapper for package hooks (HO)
Package: xcolor-patch 2011/01/30 xcolor patch
Package: atveryend 2011/06/30 v1.8 Hooks at the very end of document (HO)
Package atveryend Info: \enddocument detected (standard20110627).
Package: atbegshi 2011/10/05 v1.16 At begin shipout hook (HO)
Package: refcount 2011/10/16 v3.4 Data extraction from label references (HO)
Package: hycolor 2011/01/30 v1.7 Color options for hyperref/bookmark (HO)
)
(/usr/local/texlive/2013/texmf-dist/tex/latex/graphics/keyval.sty
Package: keyval 1999/03/16 v1.13 key=value parser (DPC)
\KV@toks@=\toks20
)
(/usr/local/texlive/2013/texmf-dist/tex/generic/ifxetex/ifxetex.sty
Package: ifxetex 2010/09/12 v0.6 Provides ifxetex conditional
)
(/usr/local/texlive/2013/texmf-dist/tex/latex/oberdiek/auxhook.sty
Package: auxhook 2011/03/04 v1.3 Hooks for auxiliary files (HO)
)
(/usr/local/texlive/2013/texmf-dist/tex/latex/oberdiek/kvoptions.sty
Package: kvoptions 2011/06/30 v3.11 Key value format for package options (HO)
)
\@linkdim=\dimen106
\Hy@linkcounter=\count122
\Hy@pagecounter=\count123

(/usr/local/texlive/2013/texmf-dist/tex/latex/hyperref/pd1enc.def
File: pd1enc.def 2012/11/06 v6.83m Hyperref: PDFDocEncoding definition (HO)
)
\Hy@SavedSpaceFactor=\count124

(/usr/local/texlive/2013/texmf-dist/tex/latex/latexconfig/hyperref.cfg
File: hyperref.cfg 2002/06/06 v1.2 hyperref configuration of TeXLive
)
Package hyperref Info: Option `colorlinks' set `true' on input line 4319.
Package hyperref Info: Hyper figures OFF on input line 4443.
Package hyperref Info: Link nesting OFF on input line 4448.
Package hyperref Info: Hyper index ON on input line 4451.
Package hyperref Info: Plain pages OFF on input line 4458.
Package hyperref Info: Backreferencing OFF on input line 4463.
Package hyperref Info: Implicit mode ON; LaTeX internals redefined.
Package hyperref Info: Bookmarks ON on input line 4688.
\c@Hy@tempcnt=\count125

(/usr/local/texlive/2013/texmf-dist/tex/latex/url/url.sty
\Urlmuskip=\muskip10
Package: url 2006/04/12  ver 3.3  Verb mode for urls, etc.
)
LaTeX Info: Redefining \url on input line 5041.
\XeTeXLinkMargin=\dimen107
\Fld@menulength=\count126
\Field@Width=\dimen108
\Fld@charsize=\dimen109
Package hyperref Info: Hyper figures OFF on input line 6295.
Package hyperref Info: Link nesting OFF on input line 6300.
Package hyperref Info: Hyper index ON on input line 6303.
Package hyperref Info: backreferencing OFF on input line 6310.
Package hyperref Info: Link coloring ON on input line 6313.
Package hyperref Info: Link coloring with OCG OFF on input line 6320.
Package hyperref Info: PDF/A mode OFF on input line 6325.
LaTeX Info: Redefining \ref on input line 6365.
LaTeX Info: Redefining \pageref on input line 6369.
\Hy@abspage=\count127
\c@Item=\count128
\c@Hfootnote=\count129
)

Package hyperref Message: Driver (autodetected): hpdftex.

(/usr/local/texlive/2013/texmf-dist/tex/latex/hyperref/hpdftex.def
File: hpdftex.def 2012/11/06 v6.83m Hyperref driver for pdfTeX
\Fld@listcount=\count130
\c@bookmark@seq@number=\count131

(/usr/local/texlive/2013/texmf-dist/tex/latex/oberdiek/rerunfilecheck.sty
Package: rerunfilecheck 2011/04/15 v1.7 Rerun checks for auxiliary files (HO)
Package uniquecounter Info: New unique counter `rerunfilecheck' on input line 2
82.
)
\Hy@SectionHShift=\skip65
)
\@indexfile=\write3
\openout3 = `examdoc.idx'.


Writing index file examdoc.idx
(./examdoc.aux

LaTeX Warning: Label `question@1' multiply defined.


LaTeX Warning: Label `question@2' multiply defined.


LaTeX Warning: Label `question@3' multiply defined.


LaTeX Warning: Label `question@1' multiply defined.


LaTeX Warning: Label `question@2' multiply defined.


LaTeX Warning: Label `question@3' multiply defined.


LaTeX Warning: Label `question@1' multiply defined.


LaTeX Warning: Label `question@2' multiply defined.


LaTeX Warning: Label `part@2@1' multiply defined.


LaTeX Warning: Label `part@2@2' multiply defined.


LaTeX Warning: Label `question@3' multiply defined.


LaTeX Warning: Label `part@3@1' multiply defined.


LaTeX Warning: Label `part@3@2' multiply defined.


LaTeX Warning: Label `question@1' multiply defined.


LaTeX Warning: Label `question@2' multiply defined.


LaTeX Warning: Label `part@2@1' multiply defined.


LaTeX Warning: Label `part@2@2' multiply defined.


LaTeX Warning: Label `question@3' multiply defined.


LaTeX Warning: Label `part@3@1' multiply defined.


LaTeX Warning: Label `part@3@2' multiply defined.


LaTeX Warning: Label `question@1' multiply defined.


LaTeX Warning: Label `question@2' multiply defined.


LaTeX Warning: Label `part@2@1' multiply defined.


LaTeX Warning: Label `part@2@2' multiply defined.


LaTeX Warning: Label `question@1' multiply defined.


LaTeX Warning: Label `question@2' multiply defined.


LaTeX Warning: Label `part@2@1' multiply defined.


LaTeX Warning: Label `part@2@2' multiply defined.


LaTeX Warning: Label `question@1' multiply defined.


LaTeX Warning: Label `question@2' multiply defined.


LaTeX Warning: Label `part@2@1' multiply defined.


LaTeX Warning: Label `part@2@2' multiply defined.


LaTeX Warning: Label `question@1' multiply defined.


LaTeX Warning: Label `question@2' multiply defined.


LaTeX Warning: Label `question@1' multiply defined.


LaTeX Warning: Label `question@2' multiply defined.


LaTeX Warning: Label `question@1' multiply defined.


LaTeX Warning: Label `question@2' multiply defined.


LaTeX Warning: Label `part@2@1' multiply defined.


LaTeX Warning: Label `part@2@2' multiply defined.


LaTeX Warning: Label `question@1' multiply defined.


LaTeX Warning: Label `question@2' multiply defined.


LaTeX Warning: Label `part@2@1' multiply defined.


LaTeX Warning: Label `part@2@2' multiply defined.


LaTeX Warning: Label `question@1' multiply defined.


LaTeX Warning: Label `question@2' multiply defined.


LaTeX Warning: Label `part@2@1' multiply defined.


LaTeX Warning: Label `part@2@2' multiply defined.


LaTeX Warning: Label `question@1' multiply defined.


LaTeX Warning: Label `question@2' multiply defined.


LaTeX Warning: Label `part@2@1' multiply defined.


LaTeX Warning: Label `part@2@2' multiply defined.


LaTeX Warning: Label `question@1' multiply defined.


LaTeX Warning: Label `question@2' multiply defined.


LaTeX Warning: Label `question@1' multiply defined.


LaTeX Warning: Label `question@2' multiply defined.


LaTeX Warning: Label `question@1' multiply defined.


LaTeX Warning: Label `question@2' multiply defined.


LaTeX Warning: Label `question@1' multiply defined.


LaTeX Warning: Label `question@2' multiply defined.


LaTeX Warning: Label `question@1' multiply defined.


LaTeX Warning: Label `question@1' multiply defined.


LaTeX Warning: Label `question@1' multiply defined.


LaTeX Warning: Label `question@1' multiply defined.


LaTeX Warning: Label `question@1' multiply defined.


LaTeX Warning: Label `question@1' multiply defined.


LaTeX Warning: Label `question@1' multiply defined.


LaTeX Warning: Label `part@1@1' multiply defined.


LaTeX Warning: Label `part@1@2' multiply defined.


LaTeX Warning: Label `question@1' multiply defined.


LaTeX Warning: Label `part@1@1' multiply defined.


LaTeX Warning: Label `part@1@2' multiply defined.


LaTeX Warning: Label `question@1' multiply defined.


LaTeX Warning: Label `part@1@1' multiply defined.


LaTeX Warning: Label `part@1@2' multiply defined.


LaTeX Warning: Label `question@1' multiply defined.


LaTeX Warning: Label `question@1' multiply defined.


LaTeX Warning: Label `question@1' multiply defined.


LaTeX Warning: Label `question@1' multiply defined.


LaTeX Warning: Label `part@1@1' multiply defined.


LaTeX Warning: Label `part@1@2' multiply defined.


LaTeX Warning: Label `question@1' multiply defined.


LaTeX Warning: Label `question@1' multiply defined.


LaTeX Warning: Label `question@2' multiply defined.


LaTeX Warning: Label `question@3' multiply defined.


LaTeX Warning: Label `question@1' multiply defined.


LaTeX Warning: Label `question@2' multiply defined.


LaTeX Warning: Label `question@3' multiply defined.


LaTeX Warning: Label `question@1' multiply defined.


LaTeX Warning: Label `question@2' multiply defined.


LaTeX Warning: Label `part@2@1' multiply defined.


LaTeX Warning: Label `part@2@2' multiply defined.


LaTeX Warning: Label `question@3' multiply defined.


LaTeX Warning: Label `question@1' multiply defined.


LaTeX Warning: Label `part@1@1' multiply defined.


LaTeX Warning: Label `question@1' multiply defined.


LaTeX Warning: Label `question@1' multiply defined.


LaTeX Warning: Label `question@1' multiply defined.


LaTeX Warning: Label `question@1' multiply defined.


LaTeX Warning: Label `question@1' multiply defined.


LaTeX Warning: Label `question@1' multiply defined.


LaTeX Warning: Label `question@1' multiply defined.


LaTeX Warning: Label `question@1' multiply defined.


LaTeX Warning: Label `question@1' multiply defined.


LaTeX Warning: Label `question@1' multiply defined.


LaTeX Warning: Label `question@1' multiply defined.


LaTeX Warning: Label `question@2' multiply defined.


LaTeX Warning: Label `part@2@1' multiply defined.


LaTeX Warning: Label `part@2@2' multiply defined.


LaTeX Warning: Label `part@2@3' multiply defined.


LaTeX Warning: Label `question@1' multiply defined.


LaTeX Warning: Label `question@2' multiply defined.


LaTeX Warning: Label `question@3' multiply defined.


LaTeX Warning: Label `question@1' multiply defined.


LaTeX Warning: Label `question@2' multiply defined.


LaTeX Warning: Label `part@2@1' multiply defined.


LaTeX Warning: Label `part@2@2' multiply defined.


LaTeX Warning: Label `subpart@2@2@1' multiply defined.


LaTeX Warning: Label `subpart@2@2@2' multiply defined.


LaTeX Warning: Label `question@1' multiply defined.


LaTeX Warning: Label `question@2' multiply defined.


LaTeX Warning: Label `question@3' multiply defined.


LaTeX Warning: Label `question@1' multiply defined.


LaTeX Warning: Label `question@2' multiply defined.


LaTeX Warning: Label `part@2@1' multiply defined.


LaTeX Warning: Label `part@2@2' multiply defined.


LaTeX Warning: Label `question@1' multiply defined.


LaTeX Warning: Label `question@2' multiply defined.


LaTeX Warning: Label `part@2@1' multiply defined.


LaTeX Warning: Label `part@2@2' multiply defined.


LaTeX Warning: Label `question@1' multiply defined.


LaTeX Warning: Label `question@2' multiply defined.


LaTeX Warning: Label `part@2@1' multiply defined.


LaTeX Warning: Label `part@2@2' multiply defined.


LaTeX Warning: Label `question@1' multiply defined.


LaTeX Warning: Label `question@2' multiply defined.


LaTeX Warning: Label `question@3' multiply defined.


LaTeX Warning: Label `question@1' multiply defined.


LaTeX Warning: Label `part@1@1' multiply defined.


LaTeX Warning: Label `part@1@2' multiply defined.


LaTeX Warning: Label `question@1' multiply defined.


LaTeX Warning: Label `question@2' multiply defined.


LaTeX Warning: Label `question@1' multiply defined.


LaTeX Warning: Label `question@2' multiply defined.


LaTeX Warning: Label `question@1' multiply defined.


LaTeX Warning: Label `question@1' multiply defined.


LaTeX Warning: Label `question@1' multiply defined.

)
\openout1 = `examdoc.aux'.

LaTeX Font Info:    Checking defaults for OML/cmm/m/it on input line 121.
LaTeX Font Info:    ... okay on input line 121.
LaTeX Font Info:    Checking defaults for T1/cmr/m/n on input line 121.
LaTeX Font Info:    ... okay on input line 121.
LaTeX Font Info:    Checking defaults for OT1/cmr/m/n on input line 121.
LaTeX Font Info:    ... okay on input line 121.
LaTeX Font Info:    Checking defaults for OMS/cmsy/m/n on input line 121.
LaTeX Font Info:    ... okay on input line 121.
LaTeX Font Info:    Checking defaults for OMX/cmex/m/n on input line 121.
LaTeX Font Info:    ... okay on input line 121.
LaTeX Font Info:    Checking defaults for U/cmr/m/n on input line 121.
LaTeX Font Info:    ... okay on input line 121.
LaTeX Font Info:    Checking defaults for PD1/pdf/m/n on input line 121.
LaTeX Font Info:    ... okay on input line 121.
\AtBeginShipoutBox=\box26
 (/usr/local/texlive/2013/texmf-dist/tex/latex/graphics/color.sty
Package: color 2005/11/14 v1.0j Standard LaTeX Color (DPC)

(/usr/local/texlive/2013/texmf-dist/tex/latex/latexconfig/color.cfg
File: color.cfg 2007/01/18 v1.5 color configuration of teTeX/TeXLive
)
Package color Info: Driver file: pdftex.def on input line 130.

(/usr/local/texlive/2013/texmf-dist/tex/latex/pdftex-def/pdftex.def
File: pdftex.def 2011/05/27 v0.06d Graphics/color for pdfTeX
\Gread@gobject=\count132

(/usr/local/texlive/2013/texmf-dist/tex/context/base/supp-pdf.mkii
[Loading MPS to PDF converter (version 2006.09.02).]
\scratchcounter=\count133
\scratchdimen=\dimen110
\scratchbox=\box27
\nofMPsegments=\count134
\nofMParguments=\count135
\everyMPshowfont=\toks21
\MPscratchCnt=\count136
\MPscratchDim=\dimen111
\MPnumerator=\count137
\makeMPintoPDFobject=\count138
\everyMPtoPDFconversion=\toks22
)))
Package hyperref Info: Link coloring ON on input line 121.
 (/usr/local/texlive/2013/texmf-dist/tex/latex/hyperref/nameref.sty
Package: nameref 2012/10/27 v2.43 Cross-referencing by name of section

(/usr/local/texlive/2013/texmf-dist/tex/generic/oberdiek/gettitlestring.sty
Package: gettitlestring 2010/12/03 v1.4 Cleanup title references (HO)
)
\c@section@level=\count139
)
LaTeX Info: Redefining \ref on input line 121.
LaTeX Info: Redefining \pageref on input line 121.
LaTeX Info: Redefining \nameref on input line 121.

(./examdoc.out) (./examdoc.out)
\@outlinefile=\write4
\openout4 = `examdoc.out'.

LaTeX Font Info:    Try loading font information for U+msa on input line 136.

(/usr/local/texlive/2013/texmf-dist/tex/latex/amsfonts/umsa.fd
File: umsa.fd 2013/01/14 v3.01 AMS symbols A
)
LaTeX Font Info:    Try loading font information for U+msb on input line 136.

(/usr/local/texlive/2013/texmf-dist/tex/latex/amsfonts/umsb.fd
File: umsb.fd 2013/01/14 v3.01 AMS symbols B
)
LaTeX Font Info:    Try loading font information for OMS+cmr on input line 136.


(/usr/local/texlive/2013/texmf-dist/tex/latex/base/omscmr.fd
File: omscmr.fd 1999/05/25 v2.5h Standard LaTeX font definitions
)
LaTeX Font Info:    Font shape `OMS/cmr/m/n' in size <14.4> not available
(Font)              Font shape `OMS/cmsy/m/n' tried instead on input line 136.
 (./examdoc.toc
LaTeX Font Info:    Font shape `OT1/cmtt/bx/n' in size <12> not available
(Font)              Font shape `OT1/cmtt/m/n' tried instead on input line 10.

[1

{/usr/local/texlive/2013/texmf-var/fonts/map/pdftex/updmap/pdftex.map}]
[2] [3])
\tf@toc=\write5
\openout5 = `examdoc.toc'.

LaTeX Font Info:    Font shape `OMS/cmr/m/n' in size <12> not available
(Font)              Font shape `OMS/cmsy/m/n' tried instead on input line 156.
 [4]
Overfull \hbox (1.18102pt too wide) in paragraph at lines 223--233
\OT1/cmr/m/n/12 sion. The lat-est ver-sion of this li-cense is in []\OT1/cmtt/m
/n/12 http://www.latex-project.org/lppl.txt
 []

[5]
LaTeX Font Info:    Font shape `OT1/cmtt/bx/n' in size <14.4> not available
(Font)              Font shape `OT1/cmtt/m/n' tried instead on input line 248.
 [6] [7] [8] [9] [10]
LaTeX Font Info:    Font shape `OT1/cmtt/bx/n' in size <17.28> not available
(Font)              Font shape `OT1/cmtt/m/n' tried instead on input line 600.
 [11]
Overfull \hbox (4.21364pt too wide) in paragraph at lines 683--687
\OT1/cmr/m/n/12 Using the doc-u-ment class op-tion []\OT1/cmtt/m/n/12 answers \
OT1/cmr/m/n/12 is equiv-a-lent to giv-ing the com-mand []\OT1/cmtt/m/n/12 \prin
tanswers[]
 []

[12] [13] [14] [15] [16] [17] [18] [19] [20] [21] [22] [23] [24] [25] [26]
[27] [28] [29] [30] [31]
Overfull \hbox (1.63304pt too wide) in paragraph at lines 2301--2306
\OT1/cmr/m/n/12 (you must have used the doc-u-ment class op-tion []\OT1/cmtt/m/
n/12 addpoints[] \OT1/cmr/m/n/12 or given the com-mand []\OT1/cmtt/m/n/12 \addp
oints[]
 []

[32] [33] [34]
Overfull \hbox (10.41702pt too wide) in paragraph at lines 2499--2508
[]\OT1/cmr/m/n/12 the points are not counted by the []\OT1/cmtt/m/n/12 \pointso
fquestion[] \OT1/cmr/m/n/12 (see sec-tion [][]9.5[][]) or []\OT1/cmtt/m/n/12 \p
ointsonpage[]
 []

[35] [36] [37] [38] [39] [40] [41] [42]pdfTeX warning (ext4): destination with 
the same identifier (name{choice.1}) has been already used, duplicate ignored
<to be read again> 
                   \relax 
l.3126 \choice
               JohnpdfTeX warning (ext4): destination with the same identifier 
(name{choice.2}) has been already used, duplicate ignored
<to be read again> 
                   \relax 
l.3127 \choice
               PaulpdfTeX warning (ext4): destination with the same identifier 
(name{choice.3}) has been already used, duplicate ignored
<to be read again> 
                   \relax 
l.3129 \choice
              pdfTeX warning (ext4): destination with the same identifier (name
{choice.4}) has been already used, duplicate ignored
<to be read again> 
                   \relax 
l.3133 \choice
               RingopdfTeX warning (ext4): destination with the same identifier
 (name{choice.5}) has been already used, duplicate ignored
<to be read again> 
                   \relax 
l.3135 \choice
               Socrates [43pdfTeX warning (ext4): destination with the same ide
ntifier (name{choice.1}) has been already used, duplicate ignored

\AtBegShi@Output ...ipout \box \AtBeginShipoutBox 
                                                  \fi \fi 
l.3260 
       pdfTeX warning (ext4): destination with the same identifier (name{choice
.2}) has been already used, duplicate ignored

\AtBegShi@Output ...ipout \box \AtBeginShipoutBox 
                                                  \fi \fi 
l.3260 
       pdfTeX warning (ext4): destination with the same identifier (name{choice
.3}) has been already used, duplicate ignored

\AtBegShi@Output ...ipout \box \AtBeginShipoutBox 
                                                  \fi \fi 
l.3260 
       pdfTeX warning (ext4): destination with the same identifier (name{choice
.4}) has been already used, duplicate ignored

\AtBegShi@Output ...ipout \box \AtBeginShipoutBox 
                                                  \fi \fi 
l.3260 
       pdfTeX warning (ext4): destination with the same identifier (name{choice
.5}) has been already used, duplicate ignored

\AtBegShi@Output ...ipout \box \AtBeginShipoutBox 
                                                  \fi \fi 
l.3260 
       ]pdfTeX warning (ext4): destination with the same identifier (name{choic
e.1}) has been already used, duplicate ignored
<to be read again> 
                   \relax 
l.3296     \choice
                   JohnpdfTeX warning (ext4): destination with the same identif
ier (name{choice.2}) has been already used, duplicate ignored
<to be read again> 
                   \relax 
l.3297     \choice
                   PaulpdfTeX warning (ext4): destination with the same identif
ier (name{choice.3}) has been already used, duplicate ignored
<to be read again> 
                   \relax 
l.3298     \choice
                   GeorgepdfTeX warning (ext4): destination with the same ident
ifier (name{choice.4}) has been already used, duplicate ignored
<to be read again> 
                   \relax 
l.3299     \choice
                   RingopdfTeX warning (ext4): destination with the same identi
fier (name{choice.5}) has been already used, duplicate ignored
<to be read again> 
                   \relax 
l.3300     \CorrectChoice
                          Socrates [44]
Overfull \hbox (1.99628pt too wide) in paragraph at lines 3351--3356
\OT1/cmr/m/n/12 your doc-u-ment (i.e., af-ter the []\OT1/cmtt/m/n/12 \documentc
lass \OT1/cmr/m/n/12 com-mand and be-fore the []\OT1/cmtt/m/n/12 \begin{documen
t}\OT1/cmr/m/n/12 ),
 []


Underfull \hbox (badness 1838) in paragraph at lines 3372--3375
[]\OT1/cmr/m/n/12 To avoid con-fu-sion, []\OT1/cmtt/m/n/12 \correctchoiceemphas
is[] \OT1/cmr/m/n/12 is de-fined to be a syn-onym for
 []


Overfull \hbox (5.9129pt too wide) in paragraph at lines 3391--3396
\OT1/cmr/m/n/12 doc-u-ment (i.e., af-ter the []\OT1/cmtt/m/n/12 \documentclass 
\OT1/cmr/m/n/12 com-mand and be-fore the []\OT1/cmtt/m/n/12 \begin{document}\OT
1/cmr/m/n/12 ),
 []


Overfull \hbox (1.99628pt too wide) in paragraph at lines 3412--3417
\OT1/cmr/m/n/12 your doc-u-ment (i.e., af-ter the []\OT1/cmtt/m/n/12 \documentc
lass \OT1/cmr/m/n/12 com-mand and be-fore the []\OT1/cmtt/m/n/12 \begin{documen
t}\OT1/cmr/m/n/12 ),
 []

[45] [46] [47] [48] [49] [50] [51] [52] [53] [54] [55] [56] [57] [58] [59]
[60] [61] [62] [63] [64] [65] [66] [67] [68]
\cwidth=\skip66
 [69] [70] [71] [72] [73] [74]
Overfull \hbox (9.31152pt too wide) in paragraph at lines 5474--5483
\OT1/cmr/m/n/12 the []\OT1/cmtt/m/n/12 \partialbonusgradetable\OT1/cmr/m/n/12 ,
 []\OT1/cmtt/m/n/12 \partialbonuspointtable\OT1/cmr/m/n/12 , []\OT1/cmtt/m/n/12
 \partialcombinedgradetable\OT1/cmr/m/n/12 ,
 []

[75] [76] [77] [78] [79] [80]
Overfull \hbox (13.17448pt too wide) in paragraph at lines 5942--5947
\OT1/cmr/m/n/12 For ver-ti-cal bonus ta-bles (i.e., ta-bles cre-ated by []\OT1/
cmtt/m/n/12 \bonusgradetable[v]\OT1/cmr/m/n/12 , []\OT1/cmtt/m/n/12 \bonuspoint
table[v]\OT1/cmr/m/n/12 ,
 []


Overfull \hbox (14.21994pt too wide) in paragraph at lines 5942--5947
[]\OT1/cmtt/m/n/12 \partialbonusgradetable{rangename}[v]\OT1/cmr/m/n/12 , or []
\OT1/cmtt/m/n/12 \partialbonuspointtable{rangename}[v]\OT1/cmr/m/n/12 ):[][][][
][] 
 []

[81] [82]
Overfull \hbox (4.44522pt too wide) in paragraph at lines 6102--6109
\OT1/cmr/m/n/12 ment class op-tion ([]\OT1/cmtt/m/n/12 a4paper\OT1/cmr/m/n/12 ,
 []\OT1/cmtt/m/n/12 a5paper\OT1/cmr/m/n/12 , []\OT1/cmtt/m/n/12 b5paper\OT1/cmr
/m/n/12 , []\OT1/cmtt/m/n/12 letterpaper\OT1/cmr/m/n/12 , []\OT1/cmtt/m/n/12 le
galpaper\OT1/cmr/m/n/12 , []\OT1/cmtt/m/n/12 executivepaper\OT1/cmr/m/n/12 ,
 []

[83] [84] [85] [86] [87] [88]
Overfull \hbox (26.6633pt too wide) in paragraph at lines 6593--6598
[]\OT1/cmtt/m/n/12 \documentclass \OT1/cmr/m/n/12 com-mand and be-fore the []\O
T1/cmtt/m/n/12 \begin{document} \OT1/cmr/m/n/12 com-mand. The []\OT1/cmtt/m/n/1
2 \extraheadheight
 []

[89]
Overfull \hbox (26.6633pt too wide) in paragraph at lines 6642--6647
[]\OT1/cmtt/m/n/12 \documentclass \OT1/cmr/m/n/12 com-mand and be-fore the []\O
T1/cmtt/m/n/12 \begin{document} \OT1/cmr/m/n/12 com-mand. The []\OT1/cmtt/m/n/1
2 \extrafootheight
 []

[90] [91] [92] [93] [94] [95] [96] [97] [98] [99] [100] [101] [102] [103]
[104] [105] [106] [107] [108]
No file examdoc.ind.
This exam contains 103 questions with 54 parts, 11 subparts, and 4 subsubparts.

This exam has a total of 50 points.
This exam has a total of 0 bonus points.
Package atveryend Info: Empty hook `BeforeClearDocument' on input line 7598.
Package atveryend Info: Empty hook `AfterLastShipout' on input line 7598.
(./examdoc.aux)
Package atveryend Info: Executing hook `AtVeryEndDocument' on input line 7598.
Package atveryend Info: Executing hook `AtEndAfterFileList' on input line 7598.

Package rerunfilecheck Info: File `examdoc.out' has not changed.
(rerunfilecheck)             Checksum: 70CD70F61B20C2BF1BC0E627DD612929;8921.


LaTeX Warning: There were multiply-defined labels.

Package atveryend Info: Empty hook `AtVeryVeryEnd' on input line 7598.
 ) 
Here is how much of TeX's memory you used:
 7033 strings out of 493315
 102948 string characters out of 6137904
 194858 words of memory out of 5000000
 10037 multiletter control sequences out of 15000+600000
 16539 words of font info for 63 fonts, out of 8000000 for 9000
 957 hyphenation exceptions out of 8191
 29i,11n,28p,238b,515s stack positions out of 5000i,500n,10000p,200000b,80000s
</usr/local/texlive/2013/texmf-dist/fonts/type1/public/amsfonts/cm/cmbx12.pfb
></usr/local/texlive/2013/texmf-dist/fonts/type1/public/amsfonts/cm/cmbx8.pfb><
/usr/local/texlive/2013/texmf-dist/fonts/type1/public/amsfonts/cm/cmex10.pfb></
usr/local/texlive/2013/texmf-dist/fonts/type1/public/amsfonts/cm/cmmi12.pfb></u
sr/local/texlive/2013/texmf-dist/fonts/type1/public/amsfonts/cm/cmmi6.pfb></usr
/local/texlive/2013/texmf-dist/fonts/type1/public/amsfonts/cm/cmmib10.pfb></usr
/local/texlive/2013/texmf-dist/fonts/type1/public/amsfonts/cm/cmr10.pfb></usr/l
ocal/texlive/2013/texmf-dist/fonts/type1/public/amsfonts/cm/cmr12.pfb></usr/loc
al/texlive/2013/texmf-dist/fonts/type1/public/amsfonts/cm/cmr17.pfb></usr/local
/texlive/2013/texmf-dist/fonts/type1/public/amsfonts/cm/cmr6.pfb></usr/local/te
xlive/2013/texmf-dist/fonts/type1/public/amsfonts/cm/cmr8.pfb></usr/local/texli
ve/2013/texmf-dist/fonts/type1/public/amsfonts/cm/cmsl12.pfb></usr/local/texliv
e/2013/texmf-dist/fonts/type1/public/amsfonts/cm/cmsy10.pfb></usr/local/texlive
/2013/texmf-dist/fonts/type1/public/amsfonts/cm/cmti12.pfb></usr/local/texlive/
2013/texmf-dist/fonts/type1/public/amsfonts/cm/cmtt10.pfb></usr/local/texlive/2
013/texmf-dist/fonts/type1/public/amsfonts/cm/cmtt12.pfb></usr/local/texlive/20
13/texmf-dist/fonts/type1/public/amsfonts/symbols/msam10.pfb>
Output written on examdoc.pdf (108 pages, 397936 bytes).
PDF statistics:
 1676 PDF objects out of 1728 (max. 8388607)
 1533 compressed objects within 16 object streams
 410 named destinations out of 1000 (max. 500000)
 865 words of extra memory for PDF output out of 10000 (max. 10000000)

