This is pdfTeX, Version 3.14159265-2.6-1.40.17 (TeX Live 2016) (preloaded format=pdflatex 2016.5.22)  9 APR 2017 01:10
entering extended mode
 restricted \write18 enabled.
 file:line:error style messages enabled.
 %&-line parsing enabled.
**siamseas.tex
(./siamseas.tex
LaTeX2e <2016/03/31>
Babel <3.9r> and hyphenation patterns for 83 language(s) loaded.
(/usr/local/texlive/2016/texmf-dist/tex/latex/beamer/beamer.cls
(/usr/local/texlive/2016/texmf-dist/tex/latex/beamer/beamerbasercs.sty
Package: beamerbasercs 2015/03/08 (rcs-revision 368aa9ba9d38)
)
Document Class: beamer 2015/01/05 3.36 A class for typesetting presentations (r
cs-revision 8a39122e1f63)
(/usr/local/texlive/2016/texmf-dist/tex/latex/beamer/beamerbasemodes.sty
Package: beamerbasemodes 2013/09/03 (rcs-revision 768f2d98ca64)
\beamer@tempbox=\box26
\beamer@tempcount=\count79
\c@beamerpauses=\count80

(/usr/local/texlive/2016/texmf-dist/tex/latex/beamer/beamerbasedecode.sty
Package: beamerbasedecode 2010/05/01 (rcs-revision efa082c6111d)
\beamer@slideinframe=\count81
\beamer@minimum=\count82
)
\beamer@commentbox=\box27
\beamer@modecount=\count83
)
(/usr/local/texlive/2016/texmf-dist/tex/generic/oberdiek/ifpdf.sty
Package: ifpdf 2016/05/14 v3.1 Provides the ifpdf switch
)
\headheight=\dimen102
\headdp=\dimen103
\footheight=\dimen104
\sidebarheight=\dimen105
\beamer@tempdim=\dimen106
\beamer@finalheight=\dimen107
\beamer@animht=\dimen108
\beamer@animdp=\dimen109
\beamer@animwd=\dimen110
\beamer@leftmargin=\dimen111
\beamer@rightmargin=\dimen112
\beamer@leftsidebar=\dimen113
\beamer@rightsidebar=\dimen114
\beamer@boxsize=\dimen115
\beamer@vboxoffset=\dimen116
\beamer@descdefault=\dimen117
\beamer@descriptionwidth=\dimen118
\beamer@lastskip=\skip41
\beamer@areabox=\box28
\beamer@animcurrent=\box29
\beamer@animshowbox=\box30
\beamer@sectionbox=\box31
\beamer@logobox=\box32
\beamer@linebox=\box33
\beamer@sectioncount=\count84
\beamer@subsubsectionmax=\count85
\beamer@subsectionmax=\count86
\beamer@sectionmax=\count87
\beamer@totalheads=\count88
\beamer@headcounter=\count89
\beamer@partstartpage=\count90
\beamer@sectionstartpage=\count91
\beamer@subsectionstartpage=\count92
\beamer@animationtempa=\count93
\beamer@animationtempb=\count94
\beamer@xpos=\count95
\beamer@ypos=\count96
\beamer@showpartnumber=\count97
\beamer@currentsubsection=\count98
\beamer@coveringdepth=\count99
\beamer@sectionadjust=\count100
\beamer@tocsectionnumber=\count101

(/usr/local/texlive/2016/texmf-dist/tex/latex/beamer/beamerbaseoptions.sty
Package: beamerbaseoptions 2013/03/10 (rcs-revision 47431932db0d)

(/usr/local/texlive/2016/texmf-dist/tex/latex/graphics/keyval.sty
Package: keyval 2014/10/28 v1.15 key=value parser (DPC)
\KV@toks@=\toks14
))
\beamer@paperwidth=\skip42
\beamer@paperheight=\skip43

(/usr/local/texlive/2016/texmf-dist/tex/latex/geometry/geometry.sty
Package: geometry 2010/09/12 v5.6 Page Geometry

(/usr/local/texlive/2016/texmf-dist/tex/generic/oberdiek/ifvtex.sty
Package: ifvtex 2016/05/16 v1.6 Detect VTeX and its facilities (HO)
Package ifvtex Info: VTeX not detected.
)
(/usr/local/texlive/2016/texmf-dist/tex/generic/ifxetex/ifxetex.sty
Package: ifxetex 2010/09/12 v0.6 Provides ifxetex conditional
)
\Gm@cnth=\count102
\Gm@cntv=\count103
\c@Gm@tempcnt=\count104
\Gm@bindingoffset=\dimen119
\Gm@wd@mp=\dimen120
\Gm@odd@mp=\dimen121
\Gm@even@mp=\dimen122
\Gm@layoutwidth=\dimen123
\Gm@layoutheight=\dimen124
\Gm@layouthoffset=\dimen125
\Gm@layoutvoffset=\dimen126
\Gm@dimlist=\toks15
)
(/usr/local/texlive/2016/texmf-dist/tex/latex/base/size11.clo
File: size11.clo 2014/09/29 v1.4h Standard LaTeX file (size option)
)
(/usr/local/texlive/2016/texmf-dist/tex/latex/pgf/basiclayer/pgfcore.sty
(/usr/local/texlive/2016/texmf-dist/tex/latex/graphics/graphicx.sty
Package: graphicx 2014/10/28 v1.0g Enhanced LaTeX Graphics (DPC,SPQR)

(/usr/local/texlive/2016/texmf-dist/tex/latex/graphics/graphics.sty
Package: graphics 2016/05/09 v1.0r Standard LaTeX Graphics (DPC,SPQR)

(/usr/local/texlive/2016/texmf-dist/tex/latex/graphics/trig.sty
Package: trig 2016/01/03 v1.10 sin cos tan (DPC)
)
(/usr/local/texlive/2016/texmf-dist/tex/latex/graphics-cfg/graphics.cfg
File: graphics.cfg 2016/01/02 v1.10 sample graphics configuration
)
Package graphics Info: Driver file: pdftex.def on input line 96.

(/usr/local/texlive/2016/texmf-dist/tex/latex/pdftex-def/pdftex.def
File: pdftex.def 2011/05/27 v0.06d Graphics/color for pdfTeX

(/usr/local/texlive/2016/texmf-dist/tex/generic/oberdiek/infwarerr.sty
Package: infwarerr 2016/05/16 v1.4 Providing info/warning/error messages (HO)
)
(/usr/local/texlive/2016/texmf-dist/tex/generic/oberdiek/ltxcmds.sty
Package: ltxcmds 2016/05/16 v1.23 LaTeX kernel commands for general use (HO)
)
\Gread@gobject=\count105
))
\Gin@req@height=\dimen127
\Gin@req@width=\dimen128
)
(/usr/local/texlive/2016/texmf-dist/tex/latex/pgf/systemlayer/pgfsys.sty
(/usr/local/texlive/2016/texmf-dist/tex/latex/pgf/utilities/pgfrcs.sty
(/usr/local/texlive/2016/texmf-dist/tex/generic/pgf/utilities/pgfutil-common.te
x
\pgfutil@everybye=\toks16
\pgfutil@tempdima=\dimen129
\pgfutil@tempdimb=\dimen130

(/usr/local/texlive/2016/texmf-dist/tex/generic/pgf/utilities/pgfutil-common-li
sts.tex))
(/usr/local/texlive/2016/texmf-dist/tex/generic/pgf/utilities/pgfutil-latex.def
\pgfutil@abb=\box34
(/usr/local/texlive/2016/texmf-dist/tex/latex/ms/everyshi.sty
Package: everyshi 2001/05/15 v3.00 EveryShipout Package (MS)
))
(/usr/local/texlive/2016/texmf-dist/tex/generic/pgf/utilities/pgfrcs.code.tex
Package: pgfrcs 2015/08/07 v3.0.1a (rcs-revision 1.31)
))
(/usr/local/texlive/2016/texmf-dist/tex/generic/pgf/systemlayer/pgfsys.code.tex
Package: pgfsys 2014/07/09 v3.0.1a (rcs-revision 1.48)
(/usr/local/texlive/2016/texmf-dist/tex/generic/pgf/utilities/pgfkeys.code.tex
\pgfkeys@pathtoks=\toks17
\pgfkeys@temptoks=\toks18

(/usr/local/texlive/2016/texmf-dist/tex/generic/pgf/utilities/pgfkeysfiltered.c
ode.tex
\pgfkeys@tmptoks=\toks19
))
\pgf@x=\dimen131
\pgf@y=\dimen132
\pgf@xa=\dimen133
\pgf@ya=\dimen134
\pgf@xb=\dimen135
\pgf@yb=\dimen136
\pgf@xc=\dimen137
\pgf@yc=\dimen138
\w@pgf@writea=\write3
\r@pgf@reada=\read1
\c@pgf@counta=\count106
\c@pgf@countb=\count107
\c@pgf@countc=\count108
\c@pgf@countd=\count109
\t@pgf@toka=\toks20
\t@pgf@tokb=\toks21
\t@pgf@tokc=\toks22

(/usr/local/texlive/2016/texmf-dist/tex/generic/pgf/systemlayer/pgf.cfg
File: pgf.cfg 2008/05/14  (rcs-revision 1.7)
)
Driver file for pgf: pgfsys-pdftex.def

(/usr/local/texlive/2016/texmf-dist/tex/generic/pgf/systemlayer/pgfsys-pdftex.d
ef
File: pgfsys-pdftex.def 2014/10/11  (rcs-revision 1.35)

(/usr/local/texlive/2016/texmf-dist/tex/generic/pgf/systemlayer/pgfsys-common-p
df.def
File: pgfsys-common-pdf.def 2013/10/10  (rcs-revision 1.13)
)))
(/usr/local/texlive/2016/texmf-dist/tex/generic/pgf/systemlayer/pgfsyssoftpath.
code.tex
File: pgfsyssoftpath.code.tex 2013/09/09  (rcs-revision 1.9)
\pgfsyssoftpath@smallbuffer@items=\count110
\pgfsyssoftpath@bigbuffer@items=\count111
)
(/usr/local/texlive/2016/texmf-dist/tex/generic/pgf/systemlayer/pgfsysprotocol.
code.tex
File: pgfsysprotocol.code.tex 2006/10/16  (rcs-revision 1.4)
)) (/usr/local/texlive/2016/texmf-dist/tex/latex/xcolor/xcolor.sty
Package: xcolor 2016/05/11 v2.12 LaTeX color extensions (UK)

(/usr/local/texlive/2016/texmf-dist/tex/latex/graphics-cfg/color.cfg
File: color.cfg 2016/01/02 v1.6 sample color configuration
)
Package xcolor Info: Driver file: pdftex.def on input line 225.
Package xcolor Info: Model `cmy' substituted by `cmy0' on input line 1348.
Package xcolor Info: Model `hsb' substituted by `rgb' on input line 1352.
Package xcolor Info: Model `RGB' extended on input line 1364.
Package xcolor Info: Model `HTML' substituted by `rgb' on input line 1366.
Package xcolor Info: Model `Hsb' substituted by `hsb' on input line 1367.
Package xcolor Info: Model `tHsb' substituted by `hsb' on input line 1368.
Package xcolor Info: Model `HSB' substituted by `hsb' on input line 1369.
Package xcolor Info: Model `Gray' substituted by `gray' on input line 1370.
Package xcolor Info: Model `wave' substituted by `hsb' on input line 1371.
)
(/usr/local/texlive/2016/texmf-dist/tex/generic/pgf/basiclayer/pgfcore.code.tex
Package: pgfcore 2010/04/11 v3.0.1a (rcs-revision 1.7)
(/usr/local/texlive/2016/texmf-dist/tex/generic/pgf/math/pgfmath.code.tex
(/usr/local/texlive/2016/texmf-dist/tex/generic/pgf/math/pgfmathcalc.code.tex
(/usr/local/texlive/2016/texmf-dist/tex/generic/pgf/math/pgfmathutil.code.tex)
(/usr/local/texlive/2016/texmf-dist/tex/generic/pgf/math/pgfmathparser.code.tex
\pgfmath@dimen=\dimen139
\pgfmath@count=\count112
\pgfmath@box=\box35
\pgfmath@toks=\toks23
\pgfmath@stack@operand=\toks24
\pgfmath@stack@operation=\toks25
)
(/usr/local/texlive/2016/texmf-dist/tex/generic/pgf/math/pgfmathfunctions.code.
tex
(/usr/local/texlive/2016/texmf-dist/tex/generic/pgf/math/pgfmathfunctions.basic
.code.tex)
(/usr/local/texlive/2016/texmf-dist/tex/generic/pgf/math/pgfmathfunctions.trigo
nometric.code.tex)
(/usr/local/texlive/2016/texmf-dist/tex/generic/pgf/math/pgfmathfunctions.rando
m.code.tex)
(/usr/local/texlive/2016/texmf-dist/tex/generic/pgf/math/pgfmathfunctions.compa
rison.code.tex)
(/usr/local/texlive/2016/texmf-dist/tex/generic/pgf/math/pgfmathfunctions.base.
code.tex)
(/usr/local/texlive/2016/texmf-dist/tex/generic/pgf/math/pgfmathfunctions.round
.code.tex)
(/usr/local/texlive/2016/texmf-dist/tex/generic/pgf/math/pgfmathfunctions.misc.
code.tex)
(/usr/local/texlive/2016/texmf-dist/tex/generic/pgf/math/pgfmathfunctions.integ
erarithmetics.code.tex)))
(/usr/local/texlive/2016/texmf-dist/tex/generic/pgf/math/pgfmathfloat.code.tex
\c@pgfmathroundto@lastzeros=\count113
))
(/usr/local/texlive/2016/texmf-dist/tex/generic/pgf/basiclayer/pgfcorepoints.co
de.tex
File: pgfcorepoints.code.tex 2013/10/07  (rcs-revision 1.27)
\pgf@picminx=\dimen140
\pgf@picmaxx=\dimen141
\pgf@picminy=\dimen142
\pgf@picmaxy=\dimen143
\pgf@pathminx=\dimen144
\pgf@pathmaxx=\dimen145
\pgf@pathminy=\dimen146
\pgf@pathmaxy=\dimen147
\pgf@xx=\dimen148
\pgf@xy=\dimen149
\pgf@yx=\dimen150
\pgf@yy=\dimen151
\pgf@zx=\dimen152
\pgf@zy=\dimen153
)
(/usr/local/texlive/2016/texmf-dist/tex/generic/pgf/basiclayer/pgfcorepathconst
ruct.code.tex
File: pgfcorepathconstruct.code.tex 2013/10/07  (rcs-revision 1.29)
\pgf@path@lastx=\dimen154
\pgf@path@lasty=\dimen155
)
(/usr/local/texlive/2016/texmf-dist/tex/generic/pgf/basiclayer/pgfcorepathusage
.code.tex
File: pgfcorepathusage.code.tex 2014/11/02  (rcs-revision 1.24)
\pgf@shorten@end@additional=\dimen156
\pgf@shorten@start@additional=\dimen157
)
(/usr/local/texlive/2016/texmf-dist/tex/generic/pgf/basiclayer/pgfcorescopes.co
de.tex
File: pgfcorescopes.code.tex 2015/05/08  (rcs-revision 1.46)
\pgfpic=\box36
\pgf@hbox=\box37
\pgf@layerbox@main=\box38
\pgf@picture@serial@count=\count114
)
(/usr/local/texlive/2016/texmf-dist/tex/generic/pgf/basiclayer/pgfcoregraphicst
ate.code.tex
File: pgfcoregraphicstate.code.tex 2014/11/02  (rcs-revision 1.12)
\pgflinewidth=\dimen158
)
(/usr/local/texlive/2016/texmf-dist/tex/generic/pgf/basiclayer/pgfcoretransform
ations.code.tex
File: pgfcoretransformations.code.tex 2015/08/07  (rcs-revision 1.20)
\pgf@pt@x=\dimen159
\pgf@pt@y=\dimen160
\pgf@pt@temp=\dimen161
)
(/usr/local/texlive/2016/texmf-dist/tex/generic/pgf/basiclayer/pgfcorequick.cod
e.tex
File: pgfcorequick.code.tex 2008/10/09  (rcs-revision 1.3)
)
(/usr/local/texlive/2016/texmf-dist/tex/generic/pgf/basiclayer/pgfcoreobjects.c
ode.tex
File: pgfcoreobjects.code.tex 2006/10/11  (rcs-revision 1.2)
)
(/usr/local/texlive/2016/texmf-dist/tex/generic/pgf/basiclayer/pgfcorepathproce
ssing.code.tex
File: pgfcorepathprocessing.code.tex 2013/09/09  (rcs-revision 1.9)
)
(/usr/local/texlive/2016/texmf-dist/tex/generic/pgf/basiclayer/pgfcorearrows.co
de.tex
File: pgfcorearrows.code.tex 2015/05/14  (rcs-revision 1.43)
\pgfarrowsep=\dimen162
)
(/usr/local/texlive/2016/texmf-dist/tex/generic/pgf/basiclayer/pgfcoreshade.cod
e.tex
File: pgfcoreshade.code.tex 2013/07/15  (rcs-revision 1.15)
\pgf@max=\dimen163
\pgf@sys@shading@range@num=\count115
)
(/usr/local/texlive/2016/texmf-dist/tex/generic/pgf/basiclayer/pgfcoreimage.cod
e.tex
File: pgfcoreimage.code.tex 2013/07/15  (rcs-revision 1.18)

(/usr/local/texlive/2016/texmf-dist/tex/generic/pgf/basiclayer/pgfcoreexternal.
code.tex
File: pgfcoreexternal.code.tex 2014/07/09  (rcs-revision 1.21)
\pgfexternal@startupbox=\box39
))
(/usr/local/texlive/2016/texmf-dist/tex/generic/pgf/basiclayer/pgfcorelayers.co
de.tex
File: pgfcorelayers.code.tex 2013/07/18  (rcs-revision 1.7)
)
(/usr/local/texlive/2016/texmf-dist/tex/generic/pgf/basiclayer/pgfcoretranspare
ncy.code.tex
File: pgfcoretransparency.code.tex 2013/09/30  (rcs-revision 1.5)
)
(/usr/local/texlive/2016/texmf-dist/tex/generic/pgf/basiclayer/pgfcorepatterns.
code.tex
File: pgfcorepatterns.code.tex 2013/11/07  (rcs-revision 1.5)
)))
(/usr/local/texlive/2016/texmf-dist/tex/latex/pgf/utilities/xxcolor.sty
Package: xxcolor 2003/10/24 ver 0.1
\XC@nummixins=\count116
\XC@countmixins=\count117
)
(/usr/local/texlive/2016/texmf-dist/tex/generic/oberdiek/atbegshi.sty
Package: atbegshi 2016/05/16 v1.17 At begin shipout hook (HO)
)
(/usr/local/texlive/2016/texmf-dist/tex/latex/hyperref/hyperref.sty
Package: hyperref 2016/05/05 v6.83n Hypertext links for LaTeX

(/usr/local/texlive/2016/texmf-dist/tex/generic/oberdiek/hobsub-hyperref.sty
Package: hobsub-hyperref 2016/05/16 v1.14 Bundle oberdiek, subset hyperref (HO)


(/usr/local/texlive/2016/texmf-dist/tex/generic/oberdiek/hobsub-generic.sty
Package: hobsub-generic 2016/05/16 v1.14 Bundle oberdiek, subset generic (HO)
Package: hobsub 2016/05/16 v1.14 Construct package bundles (HO)
Package hobsub Info: Skipping package `infwarerr' (already loaded).
Package hobsub Info: Skipping package `ltxcmds' (already loaded).
Package: ifluatex 2016/05/16 v1.4 Provides the ifluatex switch (HO)
Package ifluatex Info: LuaTeX not detected.
Package hobsub Info: Skipping package `ifvtex' (already loaded).
Package: intcalc 2016/05/16 v1.2 Expandable calculations with integers (HO)
Package hobsub Info: Skipping package `ifpdf' (already loaded).
Package: etexcmds 2016/05/16 v1.6 Avoid name clashes with e-TeX commands (HO)
Package etexcmds Info: Could not find \expanded.
(etexcmds)             That can mean that you are not using pdfTeX 1.50 or
(etexcmds)             that some package has redefined \expanded.
(etexcmds)             In the latter case, load this package earlier.
Package: kvsetkeys 2016/05/16 v1.17 Key value parser (HO)
Package: kvdefinekeys 2016/05/16 v1.4 Define keys (HO)
Package: pdftexcmds 2016/05/10 v0.21 Utility functions of pdfTeX for LuaTeX (HO
)
Package pdftexcmds Info: LuaTeX not detected.
Package pdftexcmds Info: \pdf@primitive is available.
Package pdftexcmds Info: \pdf@ifprimitive is available.
Package pdftexcmds Info: \pdfdraftmode found.
Package: pdfescape 2016/05/16 v1.14 Implements pdfTeX's escape features (HO)
Package: bigintcalc 2016/05/16 v1.4 Expandable calculations on big integers (HO
)
Package: bitset 2016/05/16 v1.2 Handle bit-vector datatype (HO)
Package: uniquecounter 2016/05/16 v1.3 Provide unlimited unique counter (HO)
)
Package hobsub Info: Skipping package `hobsub' (already loaded).
Package: letltxmacro 2016/05/16 v1.5 Let assignment for LaTeX macros (HO)
Package: hopatch 2016/05/16 v1.3 Wrapper for package hooks (HO)
Package: xcolor-patch 2016/05/16 xcolor patch
Package: atveryend 2016/05/16 v1.9 Hooks at the very end of document (HO)
Package atveryend Info: \enddocument detected (standard20110627).
Package hobsub Info: Skipping package `atbegshi' (already loaded).
Package: refcount 2016/05/16 v3.5 Data extraction from label references (HO)
Package: hycolor 2016/05/16 v1.8 Color options for hyperref/bookmark (HO)
)
(/usr/local/texlive/2016/texmf-dist/tex/latex/oberdiek/auxhook.sty
Package: auxhook 2016/05/16 v1.4 Hooks for auxiliary files (HO)
)
(/usr/local/texlive/2016/texmf-dist/tex/latex/oberdiek/kvoptions.sty
Package: kvoptions 2016/05/16 v3.12 Key value format for package options (HO)
)
\@linkdim=\dimen164
\Hy@linkcounter=\count118
\Hy@pagecounter=\count119

(/usr/local/texlive/2016/texmf-dist/tex/latex/hyperref/pd1enc.def
File: pd1enc.def 2016/05/05 v6.83n Hyperref: PDFDocEncoding definition (HO)
)
\Hy@SavedSpaceFactor=\count120

(/usr/local/texlive/2016/texmf-dist/tex/latex/latexconfig/hyperref.cfg
File: hyperref.cfg 2002/06/06 v1.2 hyperref configuration of TeXLive
)
Package hyperref Info: Option `bookmarks' set `true' on input line 4322.
Package hyperref Info: Option `bookmarksopen' set `true' on input line 4322.
Package hyperref Info: Option `implicit' set `false' on input line 4322.
Package hyperref Info: Hyper figures OFF on input line 4446.
Package hyperref Info: Link nesting OFF on input line 4451.
Package hyperref Info: Hyper index ON on input line 4454.
Package hyperref Info: Plain pages OFF on input line 4461.
Package hyperref Info: Backreferencing OFF on input line 4466.
Package hyperref Info: Implicit mode OFF; no redefinition of LaTeX internals.
Package hyperref Info: Bookmarks ON on input line 4691.
\c@Hy@tempcnt=\count121

(/usr/local/texlive/texmf-local/tex/latex/html/url.sty
Package: url 1999/03/02  ver 1.4  Verb mode for urls, email addresses, and file
 names
)
LaTeX Info: Redefining \url on input line 5044.
\XeTeXLinkMargin=\dimen165
\Fld@menulength=\count122
\Field@Width=\dimen166
\Fld@charsize=\dimen167
Package hyperref Info: Hyper figures OFF on input line 6298.
Package hyperref Info: Link nesting OFF on input line 6303.
Package hyperref Info: Hyper index ON on input line 6306.
Package hyperref Info: backreferencing OFF on input line 6313.
Package hyperref Info: Link coloring OFF on input line 6318.
Package hyperref Info: Link coloring with OCG OFF on input line 6323.
Package hyperref Info: PDF/A mode OFF on input line 6328.
LaTeX Info: Redefining \ref on input line 6368.
LaTeX Info: Redefining \pageref on input line 6372.
\Hy@abspage=\count123


Package hyperref Message: Stopped early.

)

Package hyperref Message: Driver (autodetected): hpdftex.

(/usr/local/texlive/2016/texmf-dist/tex/latex/hyperref/hpdftex.def
File: hpdftex.def 2016/05/05 v6.83n Hyperref driver for pdfTeX
\Fld@listcount=\count124
\c@bookmark@seq@number=\count125

(/usr/local/texlive/2016/texmf-dist/tex/latex/oberdiek/rerunfilecheck.sty
Package: rerunfilecheck 2016/05/16 v1.8 Rerun checks for auxiliary files (HO)
Package uniquecounter Info: New unique counter `rerunfilecheck' on input line 2
82.
))
(/usr/local/texlive/2016/texmf-dist/tex/latex/beamer/beamerbaserequires.sty
Package: beamerbaserequires 2010/05/01  (rcs-revision efa082c6111d)

(/usr/local/texlive/2016/texmf-dist/tex/latex/beamer/beamerbasecompatibility.st
y
Package: beamerbasecompatibility 2012/05/01  (rcs-revision 67c48b3b652d)
) (/usr/local/texlive/2016/texmf-dist/tex/latex/beamer/beamerbasefont.sty
Package: beamerbasefont 2015/01/05  (rcs-revision b4b4bee242e2)

(/usr/local/texlive/2016/texmf-dist/tex/latex/amsfonts/amssymb.sty
Package: amssymb 2013/01/14 v3.01 AMS font symbols

(/usr/local/texlive/2016/texmf-dist/tex/latex/amsfonts/amsfonts.sty
Package: amsfonts 2013/01/14 v3.01 Basic AMSFonts support
\@emptytoks=\toks26
\symAMSa=\mathgroup4
\symAMSb=\mathgroup5
LaTeX Font Info:    Overwriting math alphabet `\mathfrak' in version `bold'
(Font)                  U/euf/m/n --> U/euf/b/n on input line 106.
))
(/usr/local/texlive/2016/texmf-dist/tex/latex/sansmathaccent/sansmathaccent.sty
Package: sansmathaccent 2013/03/28
(/usr/local/texlive/2016/texmf-dist/tex/latex/filehook/filehook.sty
Package: filehook 2011/10/12 v0.5d Hooks for input files
)))
(/usr/local/texlive/2016/texmf-dist/tex/latex/beamer/beamerbasetranslator.sty
Package: beamerbasetranslator 2010/06/11  (rcs-revision 85fd1cc7fc42)

(/usr/local/texlive/2016/texmf-dist/tex/latex/beamer/translator/translator.sty
Package: translator 2010/06/12 ver 1.10

(/usr/local/texlive/2016/texmf-dist/tex/latex/beamer/translator/translator-lang
uage-mappings.tex)))
(/usr/local/texlive/2016/texmf-dist/tex/latex/beamer/beamerbasemisc.sty
Package: beamerbasemisc 2013/09/03  (rcs-revision a55719c41d85)
)
(/usr/local/texlive/2016/texmf-dist/tex/latex/beamer/beamerbasetwoscreens.sty
Package: beamerbasetwoscreens 2010/05/01  (rcs-revision efa082c6111d)
)
(/usr/local/texlive/2016/texmf-dist/tex/latex/beamer/beamerbaseoverlay.sty
Package: beamerbaseoverlay 2013/12/25  (rcs-revision f6bd5e3805da)
\beamer@argscount=\count126
\beamer@lastskipcover=\skip44
\beamer@trivlistdepth=\count127
)
(/usr/local/texlive/2016/texmf-dist/tex/latex/beamer/beamerbasetitle.sty
Package: beamerbasetitle 2010/09/21  (rcs-revision f0446ed0b6ae)
)
(/usr/local/texlive/2016/texmf-dist/tex/latex/beamer/beamerbasesection.sty
Package: beamerbasesection 2013/06/07  (rcs-revision 60b9fe0f342f)
\c@lecture=\count128
\c@part=\count129
\c@section=\count130
\c@subsection=\count131
\c@subsubsection=\count132
)
(/usr/local/texlive/2016/texmf-dist/tex/latex/beamer/beamerbaseframe.sty
Package: beamerbaseframe 2014/02/20  (rcs-revision 4b8ceeeff434)
\beamer@framebox=\box40
\beamer@frametitlebox=\box41
\beamer@zoombox=\box42
\beamer@zoomcount=\count133
\beamer@zoomframecount=\count134
\beamer@frametextheight=\dimen168
\c@subsectionslide=\count135
\beamer@frametopskip=\skip45
\beamer@framebottomskip=\skip46
\beamer@frametopskipautobreak=\skip47
\beamer@framebottomskipautobreak=\skip48
\beamer@envbody=\toks27
\framewidth=\dimen169
\c@framenumber=\count136
)
(/usr/local/texlive/2016/texmf-dist/tex/latex/beamer/beamerbaseverbatim.sty
Package: beamerbaseverbatim 2015/01/05  (rcs-revision 431510bb5890)
\beamer@verbatimfileout=\write4
)
(/usr/local/texlive/2016/texmf-dist/tex/latex/beamer/beamerbaseframesize.sty
Package: beamerbaseframesize 2011/09/12  (rcs-revision 70f9d8411e54)
\beamer@splitbox=\box43
\beamer@autobreakcount=\count137
\beamer@autobreaklastheight=\dimen170
\beamer@frametitletoks=\toks28
\beamer@framesubtitletoks=\toks29
)
(/usr/local/texlive/2016/texmf-dist/tex/latex/beamer/beamerbaseframecomponents.
sty
Package: beamerbaseframecomponents 2013/10/18  (rcs-revision 5cf6c5555a45)
\beamer@footins=\box44
) (/usr/local/texlive/2016/texmf-dist/tex/latex/beamer/beamerbasecolor.sty
Package: beamerbasecolor 2015/02/21  (rcs-revision d944b04ee2d5)
)
(/usr/local/texlive/2016/texmf-dist/tex/latex/beamer/beamerbasenotes.sty
Package: beamerbasenotes 2012/12/19  (rcs-revision 1686da3db3c9)
\beamer@frameboxcopy=\box45
)
(/usr/local/texlive/2016/texmf-dist/tex/latex/beamer/beamerbasetoc.sty
Package: beamerbasetoc 2015/03/08  (rcs-revision 7270298bbaae)
)
(/usr/local/texlive/2016/texmf-dist/tex/latex/beamer/beamerbasetemplates.sty
Package: beamerbasetemplates 2010/05/01  (rcs-revision efa082c6111d)
\beamer@sbttoks=\toks30

(/usr/local/texlive/2016/texmf-dist/tex/latex/beamer/beamerbaseauxtemplates.sty
Package: beamerbaseauxtemplates 2014/06/30  (rcs-revision 580088513a67)
(/usr/local/texlive/2016/texmf-dist/tex/latex/beamer/beamerbaseboxes.sty
Package: beamerbaseboxes 2012/05/13  (rcs-revision 56972908a390)
\bmb@box=\box46
\bmb@colorbox=\box47
\bmb@boxshadow=\box48
\bmb@boxshadowball=\box49
\bmb@boxshadowballlarge=\box50
\bmb@temp=\dimen171
\bmb@dima=\dimen172
\bmb@dimb=\dimen173
\bmb@prevheight=\dimen174
)
\beamer@blockheadheight=\dimen175
))
(/usr/local/texlive/2016/texmf-dist/tex/latex/beamer/beamerbaselocalstructure.s
ty
Package: beamerbaselocalstructure 2014/09/10  (rcs-revision 393f6dcff371)
 (/usr/local/texlive/2016/texmf-dist/tex/latex/tools/enumerate.sty
Package: enumerate 2015/07/23 v3.00 enumerate extensions (DPC)
\@enLab=\toks31
)
\c@figure=\count138
\c@table=\count139
\abovecaptionskip=\skip49
\belowcaptionskip=\skip50
)
(/usr/local/texlive/2016/texmf-dist/tex/latex/beamer/beamerbasenavigation.sty
Package: beamerbasenavigation 2015/02/27  (rcs-revision 923f4bf87efa)
\beamer@section@min@dim=\dimen176
)
(/usr/local/texlive/2016/texmf-dist/tex/latex/beamer/beamerbasetheorems.sty
Package: beamerbasetheorems 2010/06/06  (rcs-revision 7e7cc5e53e9d)

(/usr/local/texlive/2016/texmf-dist/tex/latex/amsmath/amsmath.sty
Package: amsmath 2016/03/10 v2.15b AMS math features
\@mathmargin=\skip51

For additional information on amsmath, use the `?' option.
(/usr/local/texlive/2016/texmf-dist/tex/latex/amsmath/amstext.sty
Package: amstext 2000/06/29 v2.01 AMS text

(/usr/local/texlive/2016/texmf-dist/tex/latex/amsmath/amsgen.sty
File: amsgen.sty 1999/11/30 v2.0 generic functions
\@emptytoks=\toks32
\ex@=\dimen177
))
(/usr/local/texlive/2016/texmf-dist/tex/latex/amsmath/amsbsy.sty
Package: amsbsy 1999/11/29 v1.2d Bold Symbols
\pmbraise@=\dimen178
)
(/usr/local/texlive/2016/texmf-dist/tex/latex/amsmath/amsopn.sty
Package: amsopn 2016/03/08 v2.02 operator names
)
\inf@bad=\count140
LaTeX Info: Redefining \frac on input line 199.
\uproot@=\count141
\leftroot@=\count142
LaTeX Info: Redefining \overline on input line 297.
\classnum@=\count143
\DOTSCASE@=\count144
LaTeX Info: Redefining \ldots on input line 394.
LaTeX Info: Redefining \dots on input line 397.
LaTeX Info: Redefining \cdots on input line 518.
\Mathstrutbox@=\box51
\strutbox@=\box52
\big@size=\dimen179
LaTeX Font Info:    Redeclaring font encoding OML on input line 634.
LaTeX Font Info:    Redeclaring font encoding OMS on input line 635.
\macc@depth=\count145
\c@MaxMatrixCols=\count146
\dotsspace@=\muskip10
\c@parentequation=\count147
\dspbrk@lvl=\count148
\tag@help=\toks33
\row@=\count149
\column@=\count150
\maxfields@=\count151
\andhelp@=\toks34
\eqnshift@=\dimen180
\alignsep@=\dimen181
\tagshift@=\dimen182
\tagwidth@=\dimen183
\totwidth@=\dimen184
\lineht@=\dimen185
\@envbody=\toks35
\multlinegap=\skip52
\multlinetaggap=\skip53
\mathdisplay@stack=\toks36
LaTeX Info: Redefining \[ on input line 2739.
LaTeX Info: Redefining \] on input line 2740.
)
(/usr/local/texlive/2016/texmf-dist/tex/latex/amscls/amsthm.sty
Package: amsthm 2015/03/04 v2.20.2
\thm@style=\toks37
\thm@bodyfont=\toks38
\thm@headfont=\toks39
\thm@notefont=\toks40
\thm@headpunct=\toks41
\thm@preskip=\skip54
\thm@postskip=\skip55
\thm@headsep=\skip56
\dth@everypar=\toks42
)
\c@theorem=\count152
)
(/usr/local/texlive/2016/texmf-dist/tex/latex/beamer/beamerbasethemes.sty
Package: beamerbasethemes 2010/05/01  (rcs-revision efa082c6111d)
))
(/usr/local/texlive/2016/texmf-dist/tex/latex/beamer/themes/theme/beamerthemede
fault.sty
Package: beamerthemedefault 2010/06/17  (rcs-revision d02a7cf4d8ae)

(/usr/local/texlive/2016/texmf-dist/tex/latex/beamer/themes/font/beamerfontthem
edefault.sty
Package: beamerfontthemedefault 2012/12/19  (rcs-revision 1686da3db3c9)
)
(/usr/local/texlive/2016/texmf-dist/tex/latex/beamer/themes/color/beamercolorth
emedefault.sty
Package: beamercolorthemedefault 2012/12/19  (rcs-revision 1686da3db3c9)
)
(/usr/local/texlive/2016/texmf-dist/tex/latex/beamer/themes/inner/beamerinnerth
emedefault.sty
Package: beamerinnerthemedefault 2014/06/30  (rcs-revision 580088513a67)
\beamer@dima=\dimen186
\beamer@dimb=\dimen187
)
(/usr/local/texlive/2016/texmf-dist/tex/latex/beamer/themes/outer/beamerouterth
emedefault.sty
Package: beamerouterthemedefault 2012/12/19  (rcs-revision 1686da3db3c9)
)))
(/usr/local/texlive/2016/texmf-dist/tex/latex/etex-pkg/etex.sty
Package: etex 2016/01/11 v2.6 eTeX basic definition package (PEB,DPC)
\et@xins=\count153
)
(/usr/local/texlive/2016/texmf-dist/tex/latex/movie15/movie15.sty
Package: movie15 2012/05/16

(/usr/local/texlive/2016/texmf-dist/tex/latex/base/ifthen.sty
Package: ifthen 2014/09/29 v1.1c Standard LaTeX ifthen package (DPC)
)
(/usr/local/texlive/2016/texmf-dist/tex/latex/oberdiek/ifdraft.sty
Package: ifdraft 2016/05/16 v1.4 Detect class options draft and final (HO)
)
\@MXV@page=\count154
\@MXV@adict=\count155
\@MXV@aadict=\count156
\@MXV@includes=\count157
\@MXV@players=\count158
\@MXV@links=\count159
Normal \dimen register pool exhausted, switching to extended pool.
\@MXV@width=\dimen256
\@MXV@height=\dimen257
\@MXV@depth=\dimen258
\@MXV@totalheight=\dimen259
\@MXV@@boxdepth=\dimen260
\@MXV@traiselen=\dimen261
\@MXV@braiselen=\dimen262
\@MXV@start=\dimen263
\@MXV@end=\dimen264
\@MXV@textbox=\box53
)
(/usr/local/texlive/2016/texmf-dist/tex/latex/cjk/texinput/CJK.sty
Package: CJK 2015/04/18 4.8.4

(/usr/local/texlive/2016/texmf-dist/tex/latex/cjk/texinput/mule/MULEenc.sty
Package: MULEenc 2015/04/18 4.8.4
)
(/usr/local/texlive/2016/texmf-dist/tex/latex/cjk/texinput/CJK.enc
File: CJK.enc 2015/04/18 4.8.4
)
LaTeX Info: Redefining \selectfont on input line 755.
\CJK@indent=\box54
)
(/usr/local/texlive/2016/texmf-dist/tex/latex/caption/subcaption.sty
Package: subcaption 2016/02/20 v1.1-142 Sub-captions (AR)

(/usr/local/texlive/2016/texmf-dist/tex/latex/caption/caption.sty
Package: caption 2016/02/21 v3.3-144 Customizing captions (AR)

(/usr/local/texlive/2016/texmf-dist/tex/latex/caption/caption3.sty
Package: caption3 2016/02/04 v1.7-139 caption3 kernel (AR)
Package caption3 Info: TeX engine: e-TeX on input line 67.
\captionmargin=\dimen265
\captionmargin@=\dimen266
\captionwidth=\dimen267
\caption@tempdima=\dimen268
\caption@indent=\dimen269
\caption@parindent=\dimen270
\caption@hangindent=\dimen271
)
\c@ContinuedFloat=\count160
Package caption Info: beamer document class.
Package caption Info: hyperref package is loaded.
Package caption Info: Hyperref support is turned off
(caption)             because hyperref has stopped early.
)
\c@subfigure=\count161
\c@subtable=\count162
)
(/usr/local/texlive/2016/texmf-dist/tex/latex/psfrag/psfrag.sty
Package: psfrag 1998/04/11 v3.04 PSfrag (MCG)
\pfg@pcount=\count163
\pfg@scount=\count164
\pfg@temp=\write5
)
(/usr/local/texlive/2016/texmf-dist/tex/latex/pgf/frontendlayer/tikz.sty
(/usr/local/texlive/2016/texmf-dist/tex/latex/pgf/basiclayer/pgf.sty
Package: pgf 2015/08/07 v3.0.1a (rcs-revision 1.15)

(/usr/local/texlive/2016/texmf-dist/tex/generic/pgf/modules/pgfmoduleshapes.cod
e.tex
File: pgfmoduleshapes.code.tex 2014/03/21  (rcs-revision 1.35)
\pgfnodeparttextbox=\box55
)
(/usr/local/texlive/2016/texmf-dist/tex/generic/pgf/modules/pgfmoduleplot.code.
tex
File: pgfmoduleplot.code.tex 2015/08/03  (rcs-revision 1.13)
)
(/usr/local/texlive/2016/texmf-dist/tex/latex/pgf/compatibility/pgfcomp-version
-0-65.sty
Package: pgfcomp-version-0-65 2007/07/03 v3.0.1a (rcs-revision 1.7)
\pgf@nodesepstart=\dimen272
\pgf@nodesepend=\dimen273
)
(/usr/local/texlive/2016/texmf-dist/tex/latex/pgf/compatibility/pgfcomp-version
-1-18.sty
Package: pgfcomp-version-1-18 2007/07/23 v3.0.1a (rcs-revision 1.1)
))
(/usr/local/texlive/2016/texmf-dist/tex/latex/pgf/utilities/pgffor.sty
(/usr/local/texlive/2016/texmf-dist/tex/latex/pgf/utilities/pgfkeys.sty
(/usr/local/texlive/2016/texmf-dist/tex/generic/pgf/utilities/pgfkeys.code.tex)
) (/usr/local/texlive/2016/texmf-dist/tex/latex/pgf/math/pgfmath.sty
(/usr/local/texlive/2016/texmf-dist/tex/generic/pgf/math/pgfmath.code.tex))
(/usr/local/texlive/2016/texmf-dist/tex/generic/pgf/utilities/pgffor.code.tex
Package: pgffor 2013/12/13 v3.0.1a (rcs-revision 1.25)

(/usr/local/texlive/2016/texmf-dist/tex/generic/pgf/math/pgfmath.code.tex)
\pgffor@iter=\dimen274
\pgffor@skip=\dimen275
\pgffor@stack=\toks43
\pgffor@toks=\toks44
))
(/usr/local/texlive/2016/texmf-dist/tex/generic/pgf/frontendlayer/tikz/tikz.cod
e.tex
Package: tikz 2015/08/07 v3.0.1a (rcs-revision 1.151)

(/usr/local/texlive/2016/texmf-dist/tex/generic/pgf/libraries/pgflibraryplothan
dlers.code.tex
File: pgflibraryplothandlers.code.tex 2013/08/31 v3.0.1a (rcs-revision 1.20)
\pgf@plot@mark@count=\count165
\pgfplotmarksize=\dimen276
)
\tikz@lastx=\dimen277
\tikz@lasty=\dimen278
\tikz@lastxsaved=\dimen279
\tikz@lastysaved=\dimen280
\tikzleveldistance=\dimen281
\tikzsiblingdistance=\dimen282
\tikz@figbox=\box56
\tikz@figbox@bg=\box57
\tikz@tempbox=\box58
\tikz@tempbox@bg=\box59
\tikztreelevel=\count166
\tikznumberofchildren=\count167
\tikznumberofcurrentchild=\count168
\tikz@fig@count=\count169

(/usr/local/texlive/2016/texmf-dist/tex/generic/pgf/modules/pgfmodulematrix.cod
e.tex
File: pgfmodulematrix.code.tex 2013/09/17  (rcs-revision 1.8)
\pgfmatrixcurrentrow=\count170
\pgfmatrixcurrentcolumn=\count171
Normal \count register pool exhausted, switching to extended pool.
\pgf@matrix@numberofcolumns=\count277
)
\tikz@expandcount=\count278

(/usr/local/texlive/2016/texmf-dist/tex/generic/pgf/frontendlayer/tikz/librarie
s/tikzlibrarytopaths.code.tex
File: tikzlibrarytopaths.code.tex 2008/06/17 v3.0.1a (rcs-revision 1.2)
)))
(/usr/local/texlive/2016/texmf-dist/tex/latex/lm/lmodern.sty
Package: lmodern 2009/10/30 v1.6 Latin Modern Fonts
LaTeX Font Info:    Overwriting symbol font `operators' in version `normal'
(Font)                  OT1/cmr/m/n --> OT1/lmr/m/n on input line 22.
LaTeX Font Info:    Overwriting symbol font `letters' in version `normal'
(Font)                  OML/cmm/m/it --> OML/lmm/m/it on input line 23.
LaTeX Font Info:    Overwriting symbol font `symbols' in version `normal'
(Font)                  OMS/cmsy/m/n --> OMS/lmsy/m/n on input line 24.
LaTeX Font Info:    Overwriting symbol font `largesymbols' in version `normal'
(Font)                  OMX/cmex/m/n --> OMX/lmex/m/n on input line 25.
LaTeX Font Info:    Overwriting symbol font `operators' in version `bold'
(Font)                  OT1/cmr/bx/n --> OT1/lmr/bx/n on input line 26.
LaTeX Font Info:    Overwriting symbol font `letters' in version `bold'
(Font)                  OML/cmm/b/it --> OML/lmm/b/it on input line 27.
LaTeX Font Info:    Overwriting symbol font `symbols' in version `bold'
(Font)                  OMS/cmsy/b/n --> OMS/lmsy/b/n on input line 28.
LaTeX Font Info:    Overwriting symbol font `largesymbols' in version `bold'
(Font)                  OMX/cmex/m/n --> OMX/lmex/m/n on input line 29.
LaTeX Font Info:    Overwriting math alphabet `\mathbf' in version `normal'
(Font)                  OT1/cmr/bx/n --> OT1/lmr/bx/n on input line 31.
LaTeX Font Info:    Overwriting math alphabet `\mathsf' in version `normal'
(Font)                  OT1/cmss/m/n --> OT1/lmss/m/n on input line 32.
LaTeX Font Info:    Overwriting math alphabet `\mathit' in version `normal'
(Font)                  OT1/cmr/m/it --> OT1/lmr/m/it on input line 33.
LaTeX Font Info:    Overwriting math alphabet `\mathtt' in version `normal'
(Font)                  OT1/cmtt/m/n --> OT1/lmtt/m/n on input line 34.
LaTeX Font Info:    Overwriting math alphabet `\mathbf' in version `bold'
(Font)                  OT1/cmr/bx/n --> OT1/lmr/bx/n on input line 35.
LaTeX Font Info:    Overwriting math alphabet `\mathsf' in version `bold'
(Font)                  OT1/cmss/bx/n --> OT1/lmss/bx/n on input line 36.
LaTeX Font Info:    Overwriting math alphabet `\mathit' in version `bold'
(Font)                  OT1/cmr/bx/it --> OT1/lmr/bx/it on input line 37.
LaTeX Font Info:    Overwriting math alphabet `\mathtt' in version `bold'
(Font)                  OT1/cmtt/m/n --> OT1/lmtt/m/n on input line 38.
)
(/usr/local/texlive/2016/texmf-dist/tex/latex/pgf/compatibility/pgflibraryplotm
arks.sty

Package pgf Warning: This package is obsolete. Use \usetikzlibrary {plotmarks} 
instead on input line 11.


(/usr/local/texlive/2016/texmf-dist/tex/generic/pgf/libraries/pgflibraryplotmar
ks.code.tex
File: pgflibraryplotmarks.code.tex 2015/08/03 v3.0.1a (rcs-revision 1.14)
))
(/usr/local/texlive/2016/texmf-dist/tex/latex/tkz-euclide/tkz-euclide.sty
Package: tkz-euclide 2011/06/01 1.16 c for plots 2d 

(/usr/local/texlive/2016/texmf-dist/tex/latex/tkz-base/tkz-base.sty
Package: tkz-base 2011/06/01 1.16 c tkz-base

(/usr/local/texlive/2016/texmf-dist/tex/generic/pgf/frontendlayer/tikz/librarie
s/tikzlibrarycalc.code.tex
File: tikzlibrarycalc.code.tex 2013/07/15 v3.0.1a (rcs-revision 1.9)
)
(/usr/local/texlive/2016/texmf-dist/tex/generic/pgf/frontendlayer/tikz/librarie
s/tikzlibraryarrows.code.tex
File: tikzlibraryarrows.code.tex 2008/01/09 v3.0.1a (rcs-revision 1.1)

(/usr/local/texlive/2016/texmf-dist/tex/generic/pgf/libraries/pgflibraryarrows.
code.tex
File: pgflibraryarrows.code.tex 2013/09/23 v3.0.1a (rcs-revision 1.16)
\arrowsize=\dimen283
))
(/usr/local/texlive/2016/texmf-dist/tex/generic/pgf/frontendlayer/tikz/librarie
s/tikzlibraryplotmarks.code.tex
File: tikzlibraryplotmarks.code.tex 2008/01/09 v3.0.1a (rcs-revision 1.1)

(/usr/local/texlive/2016/texmf-dist/tex/generic/pgf/libraries/pgflibraryplotmar
ks.code.tex
File: pgflibraryplotmarks.code.tex 2015/08/03 v3.0.1a (rcs-revision 1.14)
))
(/usr/local/texlive/2016/texmf-dist/tex/generic/pgf/frontendlayer/tikz/librarie
s/tikzlibrarypositioning.code.tex
File: tikzlibrarypositioning.code.tex 2008/10/06 v3.0.1a (rcs-revision 1.7)
)
(/usr/local/texlive/2016/texmf-dist/tex/generic/pgf/frontendlayer/tikz/librarie
s/tikzlibraryshapes.misc.code.tex
File: tikzlibraryshapes.misc.code.tex 2008/01/09 v3.0.1a (rcs-revision 1.1)

(/usr/local/texlive/2016/texmf-dist/tex/generic/pgf/libraries/shapes/pgflibrary
shapes.misc.code.tex
File: pgflibraryshapes.misc.code.tex 2013/07/18 v3.0.1a (rcs-revision 1.5)
))
(/usr/local/texlive/2016/texmf-dist/tex/generic/pgf/frontendlayer/tikz/librarie
s/tikzlibrarydecorations.code.tex
(/usr/local/texlive/2016/texmf-dist/tex/generic/pgf/modules/pgfmoduledecoration
s.code.tex
\pgfdecoratedcompleteddistance=\dimen284
\pgfdecoratedremainingdistance=\dimen285
\pgfdecoratedinputsegmentcompleteddistance=\dimen286
\pgfdecoratedinputsegmentremainingdistance=\dimen287
\pgf@decorate@distancetomove=\dimen288
\pgf@decorate@repeatstate=\count279
\pgfdecorationsegmentamplitude=\dimen289
\pgfdecorationsegmentlength=\dimen290
)
\tikz@lib@dec@box=\box60
)
(/usr/local/texlive/2016/texmf-dist/tex/generic/pgf/frontendlayer/tikz/librarie
s/tikzlibrarydecorations.markings.code.tex
(/usr/local/texlive/2016/texmf-dist/tex/generic/pgf/libraries/decorations/pgfli
brarydecorations.markings.code.tex))
(/usr/local/texlive/2016/texmf-dist/tex/generic/pgf/frontendlayer/tikz/librarie
s/tikzlibrarydecorations.pathreplacing.code.tex
(/usr/local/texlive/2016/texmf-dist/tex/generic/pgf/libraries/decorations/pgfli
brarydecorations.pathreplacing.code.tex))
(/usr/local/texlive/2016/texmf-dist/tex/generic/pgf/frontendlayer/tikz/librarie
s/tikzlibrarypatterns.code.tex
File: tikzlibrarypatterns.code.tex 2008/01/15 v3.0.1a (rcs-revision 1.2)

(/usr/local/texlive/2016/texmf-dist/tex/generic/pgf/libraries/pgflibrarypattern
s.code.tex
File: pgflibrarypatterns.code.tex 2008/03/03 v3.0.1a (rcs-revision 1.13)
))
(/usr/local/texlive/2016/texmf-dist/tex/latex/numprint/numprint.sty
Package: numprint 2012/08/20 v1.39 Print numbers (HH)

(/usr/local/texlive/2016/texmf-dist/tex/latex/tools/array.sty
Package: array 2014/10/28 v2.4c Tabular extension package (FMi)
\col@sep=\dimen291
\extrarowheight=\dimen292
\NC@list=\toks45
\extratabsurround=\skip57
\backup@length=\skip58
)
\c@nprt@mantissa@digitsbefore=\count280
\c@nprt@mantissa@digitsafter=\count281
\c@nprt@exponent@digitsbefore=\count282
\c@nprt@exponent@digitsafter=\count283
\nprt@digitwidth=\skip59
\nprt@sepwidth=\skip60
\nprt@decimalwidth=\skip61
\nprt@blockwidth=\skip62
\nprt@digittoks=\toks46
\nprt@pretoks=\toks47
\nprt@posttoks=\toks48
\nprt@thisdigit=\count284
\nprt@curpos=\count285
\nprt@rndpos=\count286
\c@nprt@digitsfirstblock=\count287
\c@nprt@blockcnt=\count288
\c@nprt@cntprint=\count289

No configuration file `numprint.cfg' found.)
(/usr/local/texlive/2016/texmf-dist/tex/latex/fp/fp.sty
Package: fp 1995/04/02

`Fixed Point Package', Version 0.8, April 2, 1995 (C) Michael Mehlich
(/usr/local/texlive/2016/texmf-dist/tex/latex/fp/defpattern.sty
Package: defpattern 1994/10/12
\actioncount=\count290
)
(/usr/local/texlive/2016/texmf-dist/tex/latex/fp/fp-basic.sty
Package: fp-basic 1996/05/13
\FP@xs=\count291
\FP@xia=\count292
\FP@xib=\count293
\FP@xfa=\count294
\FP@xfb=\count295
\FP@rega=\count296
\FP@regb=\count297
\FP@regs=\count298
\FP@times=\count299
)
(/usr/local/texlive/2016/texmf-dist/tex/latex/fp/fp-addons.sty
Package: fp-addons 1995/03/15
)
(/usr/local/texlive/2016/texmf-dist/tex/latex/fp/fp-snap.sty
Package: fp-snap 1995/04/05
)
(/usr/local/texlive/2016/texmf-dist/tex/latex/fp/fp-exp.sty
Package: fp-exp 1995/04/03
)
(/usr/local/texlive/2016/texmf-dist/tex/latex/fp/fp-trigo.sty
Package: fp-trigo 1995/04/14
)
(/usr/local/texlive/2016/texmf-dist/tex/latex/fp/fp-pas.sty
Package: fp-pas 1994/08/29
)
(/usr/local/texlive/2016/texmf-dist/tex/latex/fp/fp-random.sty
Package: fp-random 1995/02/23
\FPseed=\count300
)
(/usr/local/texlive/2016/texmf-dist/tex/latex/fp/fp-eqn.sty
Package: fp-eqn 1995/04/03
)
(/usr/local/texlive/2016/texmf-dist/tex/latex/fp/fp-upn.sty
Package: fp-upn 1996/10/21
)
(/usr/local/texlive/2016/texmf-dist/tex/latex/fp/fp-eval.sty
Package: fp-eval 1995/04/03
))
\tkzRadius=\dimen293
\tkzLength=\dimen294
\tkz@radi=\dimen295
\tkz@ax=\dimen296
\tkz@ay=\dimen297
\tkz@bx=\dimen298
\tkz@by=\dimen299
\tkz@cx=\dimen300
\tkz@cy=\dimen301
\tkz@dx=\dimen302
\tkz@dy=\dimen303

(/usr/local/texlive/2016/texmf-dist/tex/latex/tkz-base/tkz-tools-utilities.tex)
(/usr/local/texlive/2016/texmf-dist/tex/latex/tkz-base/tkz-tools-arith.tex
File: tkz-tool-arith.tex tkz-tool-arith 1.161 c
)
(/usr/local/texlive/2016/texmf-dist/tex/latex/tkz-base/tkz-tools-base.tex)
(/usr/local/texlive/2016/texmf-dist/tex/latex/tkz-base/tkz-tools-misc.tex)
(/usr/local/texlive/2016/texmf-dist/tex/latex/tkz-base/tkz-tools-math.tex)
(/usr/local/texlive/2016/texmf-dist/tex/latex/tkz-base/tkz-obj-points.tex)
(/usr/local/texlive/2016/texmf-dist/tex/latex/tkz-base/tkz-obj-segments.tex)
(/usr/local/texlive/2016/texmf-dist/tex/latex/tkz-base/tkz-obj-marks.tex
\tkz@cntmk=\count301
))
(/usr/local/texlive/2016/texmf-dist/tex/latex/tkz-euclide/tkz-tools-intersectio
ns.tex)
(/usr/local/texlive/2016/texmf-dist/tex/latex/tkz-euclide/tkz-tools-transformat
ions.tex)
(/usr/local/texlive/2016/texmf-dist/tex/latex/tkz-euclide/tkz-obj-lines.tex)
(/usr/local/texlive/2016/texmf-dist/tex/latex/tkz-euclide/tkz-lib-symbols.tex)
(/usr/local/texlive/2016/texmf-dist/tex/latex/tkz-euclide/tkz-obj-circles.tex)
(/usr/local/texlive/2016/texmf-dist/tex/latex/tkz-euclide/tkz-obj-addpoints.tex
)) (/usr/local/texlive/2016/texmf-dist/tex/latex/cmbright/cmbright.sty
Package: cmbright 2005/04/13 v8.1 (WaS)
LaTeX Font Info:    Redeclaring symbol font `operators' on input line 29.
LaTeX Font Info:    Overwriting symbol font `operators' in version `normal'
(Font)                  OT1/lmr/m/n --> OT1/cmbr/m/n on input line 29.
LaTeX Font Info:    Overwriting symbol font `operators' in version `bold'
(Font)                  OT1/lmr/bx/n --> OT1/cmbr/m/n on input line 29.
LaTeX Font Info:    Redeclaring symbol font `letters' on input line 30.
LaTeX Font Info:    Overwriting symbol font `letters' in version `normal'
(Font)                  OML/lmm/m/it --> OML/cmbrm/m/it on input line 30.
LaTeX Font Info:    Overwriting symbol font `letters' in version `bold'
(Font)                  OML/lmm/b/it --> OML/cmbrm/m/it on input line 30.
LaTeX Font Info:    Overwriting symbol font `letters' in version `bold'
(Font)                  OML/cmbrm/m/it --> OML/cmbrm/b/it on input line 31.
LaTeX Font Info:    Redeclaring symbol font `symbols' on input line 32.
LaTeX Font Info:    Overwriting symbol font `symbols' in version `normal'
(Font)                  OMS/lmsy/m/n --> OMS/cmbrs/m/n on input line 32.
LaTeX Font Info:    Overwriting symbol font `symbols' in version `bold'
(Font)                  OMS/lmsy/b/n --> OMS/cmbrs/m/n on input line 32.
LaTeX Font Info:    Redeclaring math alphabet \mathit on input line 33.
LaTeX Font Info:    Overwriting math alphabet `\mathit' in version `normal'
(Font)                  OT1/lmr/m/it --> OT1/cmbr/m/sl on input line 33.
LaTeX Font Info:    Overwriting math alphabet `\mathit' in version `bold'
(Font)                  OT1/lmr/bx/it --> OT1/cmbr/m/sl on input line 33.
LaTeX Font Info:    Redeclaring math alphabet \mathbf on input line 34.
LaTeX Font Info:    Overwriting math alphabet `\mathbf' in version `normal'
(Font)                  OT1/lmr/bx/n --> OT1/cmbr/bx/n on input line 34.
LaTeX Font Info:    Overwriting math alphabet `\mathbf' in version `bold'
(Font)                  OT1/lmr/bx/n --> OT1/cmbr/bx/n on input line 34.
LaTeX Font Info:    Redeclaring math alphabet \mathtt on input line 35.
LaTeX Font Info:    Overwriting math alphabet `\mathtt' in version `normal'
(Font)                  OT1/lmtt/m/n --> OT1/cmtl/m/n on input line 35.
LaTeX Font Info:    Overwriting math alphabet `\mathtt' in version `bold'
(Font)                  OT1/lmtt/m/n --> OT1/cmtl/m/n on input line 35.
LaTeX Font Info:    Redeclaring math symbol \alpha on input line 37.
LaTeX Font Info:    Redeclaring math symbol \beta on input line 38.
LaTeX Font Info:    Redeclaring math symbol \gamma on input line 39.
LaTeX Font Info:    Redeclaring math symbol \delta on input line 40.
LaTeX Font Info:    Redeclaring math symbol \epsilon on input line 41.
LaTeX Font Info:    Redeclaring math symbol \zeta on input line 42.
LaTeX Font Info:    Redeclaring math symbol \eta on input line 43.
LaTeX Font Info:    Redeclaring math symbol \theta on input line 44.
LaTeX Font Info:    Redeclaring math symbol \iota on input line 45.
LaTeX Font Info:    Redeclaring math symbol \kappa on input line 46.
LaTeX Font Info:    Redeclaring math symbol \lambda on input line 47.
LaTeX Font Info:    Redeclaring math symbol \mu on input line 48.
LaTeX Font Info:    Redeclaring math symbol \nu on input line 49.
LaTeX Font Info:    Redeclaring math symbol \xi on input line 50.
LaTeX Font Info:    Redeclaring math symbol \pi on input line 51.
LaTeX Font Info:    Redeclaring math symbol \rho on input line 52.
LaTeX Font Info:    Redeclaring math symbol \sigma on input line 53.
LaTeX Font Info:    Redeclaring math symbol \tau on input line 54.
LaTeX Font Info:    Redeclaring math symbol \upsilon on input line 55.
LaTeX Font Info:    Redeclaring math symbol \phi on input line 56.
LaTeX Font Info:    Redeclaring math symbol \chi on input line 57.
LaTeX Font Info:    Redeclaring math symbol \psi on input line 58.
LaTeX Font Info:    Redeclaring math symbol \omega on input line 59.
LaTeX Font Info:    Redeclaring math symbol \varepsilon on input line 60.
LaTeX Font Info:    Redeclaring math symbol \vartheta on input line 61.
LaTeX Font Info:    Redeclaring math symbol \varpi on input line 62.
LaTeX Font Info:    Redeclaring math symbol \varrho on input line 63.
LaTeX Font Info:    Redeclaring math symbol \varsigma on input line 64.
LaTeX Font Info:    Redeclaring math symbol \varphi on input line 65.
LaTeX Info: Redefining \LaTeX on input line 129.
LaTeX Info: Redefining \LaTeXe on input line 139.
LaTeX Font Info:    Try loading font information for OT1+cmbr on input line 144
.

(/usr/local/texlive/2016/texmf-dist/tex/latex/cmbright/ot1cmbr.fd
File: ot1cmbr.fd 2005/04/13 v8.1 (WaS)
))
(/usr/local/texlive/2016/texmf-dist/tex/latex/algorithms/algorithm.sty
Package: algorithm 2009/08/24 v0.1 Document Style `algorithm' - floating enviro
nment

(/usr/local/texlive/2016/texmf-dist/tex/latex/float/float.sty
Package: float 2001/11/08 v1.3d Float enhancements (AL)
\c@float@type=\count302
\float@exts=\toks49
\float@box=\box61
\@float@everytoks=\toks50
\@floatcapt=\box62
)
\@float@every@algorithm=\toks51
\c@algorithm=\count303
)
(/usr/local/texlive/2016/texmf-dist/tex/latex/algorithmicx/algpseudocode.sty
Package: algpseudocode 

(/usr/local/texlive/2016/texmf-dist/tex/latex/algorithmicx/algorithmicx.sty
Package: algorithmicx 2005/04/27 v1.2 Algorithmicx

Document Style algorithmicx 1.2 - a greatly improved `algorithmic' style
\c@ALG@line=\count304
\c@ALG@rem=\count305
\c@ALG@nested=\count306
\ALG@tlm=\skip63
\ALG@thistlm=\skip64
\c@ALG@Lnr=\count307
\c@ALG@blocknr=\count308
\c@ALG@storecount=\count309
\c@ALG@tmpcounter=\count310
\ALG@tmplength=\skip65
)
Document Style - pseudocode environments for use with the `algorithmicx' style
) (/usr/local/texlive/2016/texmf-dist/tex/latex/tools/verbatim.sty
Package: verbatim 2014/10/28 v1.5q LaTeX2e package for verbatim enhancements
\every@verbatim=\toks52
\verbatim@line=\toks53
\verbatim@in@stream=\read2
)
(/usr/local/texlive/2016/texmf-dist/tex/latex/base/latexsym.sty
Package: latexsym 1998/08/17 v2.2e Standard LaTeX package (lasy symbols)
\symlasy=\mathgroup6
LaTeX Font Info:    Overwriting symbol font `lasy' in version `bold'
(Font)                  U/lasy/m/n --> U/lasy/b/n on input line 52.
)
(/usr/local/texlive/2016/texmf-dist/tex/latex/booktabs/booktabs.sty
Package: booktabs 2016/04/27 v1.618033 publication quality tables
\heavyrulewidth=\dimen304
\lightrulewidth=\dimen305
\cmidrulewidth=\dimen306
\belowrulesep=\dimen307
\belowbottomsep=\dimen308
\aboverulesep=\dimen309
\abovetopsep=\dimen310
\cmidrulesep=\dimen311
\cmidrulekern=\dimen312
\defaultaddspace=\dimen313
\@cmidla=\count311
\@cmidlb=\count312
\@aboverulesep=\dimen314
\@belowrulesep=\dimen315
\@thisruleclass=\count313
\@lastruleclass=\count314
\@thisrulewidth=\dimen316
)
(/usr/local/texlive/2016/texmf-dist/tex/latex/tools/longtable.sty
Package: longtable 2014/10/28 v4.11 Multi-page Table package (DPC)
\LTleft=\skip66
\LTright=\skip67
\LTpre=\skip68
\LTpost=\skip69
\LTchunksize=\count315
\LTcapwidth=\dimen317
\LT@head=\box63
\LT@firsthead=\box64
\LT@foot=\box65
\LT@lastfoot=\box66
\LT@cols=\count316
\LT@rows=\count317
\c@LT@tables=\count318
\c@LT@chunks=\count319
\LT@p@ftn=\toks54
)
(/usr/local/texlive/2016/texmf-dist/tex/latex/multirow/multirow.sty
\bigstrutjot=\dimen318
)
(/usr/local/texlive/2016/texmf-dist/tex/generic/pgf/frontendlayer/tikz/librarie
s/tikzlibraryshapes.code.tex
File: tikzlibraryshapes.code.tex 2008/01/09 v3.0.1a (rcs-revision 1.1)

(/usr/local/texlive/2016/texmf-dist/tex/generic/pgf/frontendlayer/tikz/librarie
s/tikzlibraryshapes.geometric.code.tex
File: tikzlibraryshapes.geometric.code.tex 2008/01/09 v3.0.1a (rcs-revision 1.1
)

(/usr/local/texlive/2016/texmf-dist/tex/generic/pgf/libraries/shapes/pgflibrary
shapes.geometric.code.tex
File: pgflibraryshapes.geometric.code.tex 2008/06/26 v3.0.1a (rcs-revision 1.1)

))
(/usr/local/texlive/2016/texmf-dist/tex/generic/pgf/frontendlayer/tikz/librarie
s/tikzlibraryshapes.symbols.code.tex
File: tikzlibraryshapes.symbols.code.tex 2008/01/09 v3.0.1a (rcs-revision 1.1)

(/usr/local/texlive/2016/texmf-dist/tex/generic/pgf/libraries/shapes/pgflibrary
shapes.symbols.code.tex
File: pgflibraryshapes.symbols.code.tex 2013/09/11 v3.0.1a (rcs-revision 1.6)
))
(/usr/local/texlive/2016/texmf-dist/tex/generic/pgf/frontendlayer/tikz/librarie
s/tikzlibraryshapes.arrows.code.tex
File: tikzlibraryshapes.arrows.code.tex 2008/01/09 v3.0.1a (rcs-revision 1.1)

(/usr/local/texlive/2016/texmf-dist/tex/generic/pgf/libraries/shapes/pgflibrary
shapes.arrows.code.tex
File: pgflibraryshapes.arrows.code.tex 2008/06/26 v3.0.1a (rcs-revision 1.1)
))
(/usr/local/texlive/2016/texmf-dist/tex/generic/pgf/frontendlayer/tikz/librarie
s/tikzlibraryshapes.callouts.code.tex
(/usr/local/texlive/2016/texmf-dist/tex/generic/pgf/libraries/shapes/pgflibrary
shapes.callouts.code.tex))
(/usr/local/texlive/2016/texmf-dist/tex/generic/pgf/frontendlayer/tikz/librarie
s/tikzlibraryshapes.multipart.code.tex
File: tikzlibraryshapes.multipart.code.tex 2008/01/09 v3.0.1a (rcs-revision 1.1
)

(/usr/local/texlive/2016/texmf-dist/tex/generic/pgf/libraries/shapes/pgflibrary
shapes.multipart.code.tex
File: pgflibraryshapes.multipart.code.tex 2010/01/07 v3.0.1a (rcs-revision 1.2)

\pgfnodepartlowerbox=\box67
\pgfnodeparttwobox=\box68
\pgfnodepartthreebox=\box69
\pgfnodepartfourbox=\box70
\pgfnodeparttwentybox=\box71
\pgfnodepartnineteenbox=\box72
\pgfnodeparteighteenbox=\box73
\pgfnodepartseventeenbox=\box74
\pgfnodepartsixteenbox=\box75
\pgfnodepartfifteenbox=\box76
\pgfnodepartfourteenbox=\box77
\pgfnodepartthirteenbox=\box78
\pgfnodeparttwelvebox=\box79
\pgfnodepartelevenbox=\box80
\pgfnodeparttenbox=\box81
\pgfnodepartninebox=\box82
\pgfnodeparteightbox=\box83
\pgfnodepartsevenbox=\box84
\pgfnodepartsixbox=\box85
\pgfnodepartfivebox=\box86
)))
(/usr/local/texlive/2016/texmf-dist/tex/generic/pgf/frontendlayer/tikz/librarie
s/tikzlibraryfit.code.tex
File: tikzlibraryfit.code.tex 2013/07/12 v3.0.1a (rcs-revision 1.5)
)
(/usr/local/texlive/2016/texmf-dist/tex/generic/pgf/frontendlayer/tikz/librarie
s/tikzlibrarydecorations.pathmorphing.code.tex
(/usr/local/texlive/2016/texmf-dist/tex/generic/pgf/libraries/decorations/pgfli
brarydecorations.pathmorphing.code.tex))
(/usr/local/texlive/2016/texmf-dist/tex/latex/beamer/themes/theme/beamerthemeWa
rsaw.sty
Package: beamerthemeWarsaw 2010/06/17  (rcs-revision d02a7cf4d8ae)

(/usr/local/texlive/2016/texmf-dist/tex/latex/beamer/themes/inner/beamerinnerth
emerounded.sty
Package: beamerinnerthemerounded 2010/06/17  (rcs-revision d02a7cf4d8ae)
)
(/usr/local/texlive/2016/texmf-dist/tex/latex/beamer/themes/outer/beamerouterth
emeshadow.sty
Package: beamerouterthemeshadow 2010/06/17  (rcs-revision d02a7cf4d8ae)

(/usr/local/texlive/2016/texmf-dist/tex/latex/beamer/themes/outer/beamerouterth
emesplit.sty
Package: beamerouterthemesplit 2012/10/16  (rcs-revision 51a8c72084af)
))
(/usr/local/texlive/2016/texmf-dist/tex/latex/beamer/themes/color/beamercolorth
emeorchid.sty
Package: beamercolorthemeorchid 2010/06/17  (rcs-revision d02a7cf4d8ae)
)
(/usr/local/texlive/2016/texmf-dist/tex/latex/beamer/themes/color/beamercolorth
emewhale.sty
Package: beamercolorthemewhale 2010/06/17  (rcs-revision d02a7cf4d8ae)
)) (./feng_symbol.tex)
(/usr/local/texlive/2016/texmf-dist/tex/latex/beamer/themes/theme/compatibility
/beamerthemeshadow.sty
Package: beamerthemeshadow 2010/06/17  (rcs-revision d02a7cf4d8ae)

(/usr/local/texlive/2016/texmf-dist/tex/latex/beamer/themes/font/beamerfontthem
estructurebold.sty
Package: beamerfontthemestructurebold 2010/06/17  (rcs-revision d02a7cf4d8ae)
))
Package hyperref Info: Option `colorlinks' set `false' on input line 52.

(/usr/local/texlive/2016/texmf-dist/tex/latex/tcolorbox/tcolorbox.sty
Package: tcolorbox 2016/04/27 version 3.91 text color boxes

(/usr/local/texlive/2016/texmf-dist/tex/latex/environ/environ.sty
Package: environ 2014/05/04 v0.3 A new way to define environments

(/usr/local/texlive/2016/texmf-dist/tex/latex/trimspaces/trimspaces.sty
Package: trimspaces 2009/09/17 v1.1 Trim spaces around a token list
))
(/usr/local/texlive/2016/texmf-dist/tex/latex/etoolbox/etoolbox.sty
Package: etoolbox 2015/08/02 v2.2a e-TeX tools for LaTeX (JAW)
\etb@tempcnta=\count320
)
\tcb@titlebox=\box87
\tcb@upperbox=\box88
\tcb@lowerbox=\box89
\tcb@phantombox=\box90
\c@tcbbreakpart=\count321
\c@tcblayer=\count322
\tcolorbox@number=\count323
\tcb@temp=\box91
\tcb@temp=\box92
\tcb@temp=\box93
\tcb@temp=\box94
\tcb@out=\write6
\tcb@record@out=\write7
)
(/usr/local/texlive/2016/texmf-dist/tex/latex/tcolorbox/tcbtheorems.code.tex
Library (tcolorbox): 'tcbtheorems.code.tex' version '3.91'
) (/usr/local/texlive/2016/texmf-dist/tex/latex/tcolorbox/tcbskins.code.tex
Library (tcolorbox): 'tcbskins.code.tex' version '3.91'
\tcb@waterbox=\box95

(/usr/local/texlive/2016/texmf-dist/tex/latex/tcolorbox/tcbskinsjigsaw.code.tex
Library (tcolorbox): 'tcbskinsjigsaw.code.tex' version '3.91'
)) (/usr/local/texlive/2016/texmf-dist/tex/latex/dynblocks/dynblocks.sty
Package: dynblocks 2014/18/09 v0.2b A simple way to create dynamic blocks.

(/usr/local/texlive/2016/texmf-dist/tex/latex/l3packages/xparse/xparse.sty
(/usr/local/texlive/2016/texmf-dist/tex/latex/l3kernel/expl3.sty
Package: expl3 2016/05/18 v6512 L3 programming layer (loader) 

(/usr/local/texlive/2016/texmf-dist/tex/latex/l3kernel/expl3-code.tex
Package: expl3 2016/05/18 v6512 L3 programming layer (code)
L3 Module: l3bootstrap 2016/02/12 v6412 L3 Bootstrap code
L3 Module: l3names 2016/03/11 v6433 L3 Namespace for primitives
L3 Module: l3basics 2015/11/22 v6315 L3 Basic definitions
L3 Module: l3expan 2015/09/10 v5983 L3 Argument expansion
L3 Module: l3tl 2016/03/26 v6465 L3 Token lists
L3 Module: l3str 2016/03/24 v6441 L3 Strings
L3 Module: l3seq 2015/08/05 v5777 L3 Sequences and stacks
L3 Module: l3int 2016/03/24 v6441 L3 Integers
\c_max_int=\count324
\l_tmpa_int=\count325
\l_tmpb_int=\count326
\g_tmpa_int=\count327
\g_tmpb_int=\count328
L3 Module: l3quark 2015/08/17 v5855 L3 Quarks
L3 Module: l3prg 2015/11/01 v6216 L3 Control structures
\g__prg_map_int=\count329
L3 Module: l3clist 2015/09/02 v5901 L3 Comma separated lists
L3 Module: l3token 2016/04/03 v6470 L3 Experimental token manipulation
L3 Module: l3prop 2016/01/05 v6366 L3 Property lists
L3 Module: l3msg 2016/03/26 v6464 L3 Messages
L3 Module: l3file 2016/03/25 v6458 L3 File and I/O operations
\l_iow_line_count_int=\count330
\l__iow_target_count_int=\count331
\l__iow_current_line_int=\count332
\l__iow_current_word_int=\count333
\l__iow_current_indentation_int=\count334
L3 Module: l3skip 2016/01/05 v6366 L3 Dimensions and skips
\c_zero_dim=\dimen319
\c_max_dim=\dimen320
\l_tmpa_dim=\dimen321
\l_tmpb_dim=\dimen322
\g_tmpa_dim=\dimen323
\g_tmpb_dim=\dimen324
\c_zero_skip=\skip70
\c_max_skip=\skip71
\l_tmpa_skip=\skip72
\l_tmpb_skip=\skip73
\g_tmpa_skip=\skip74
\g_tmpb_skip=\skip75
\c_zero_muskip=\muskip11
\c_max_muskip=\muskip12
\l_tmpa_muskip=\muskip13
\l_tmpb_muskip=\muskip14
\g_tmpa_muskip=\muskip15
\g_tmpb_muskip=\muskip16
L3 Module: l3keys 2015/11/17 v6284 L3 Key-value interfaces
\g__keyval_level_int=\count335
\l_keys_choice_int=\count336
L3 Module: l3fp 2016/03/26 v6465 L3 Floating points
\c__fp_leading_shift_int=\count337
\c__fp_middle_shift_int=\count338
\c__fp_trailing_shift_int=\count339
\c__fp_big_leading_shift_int=\count340
\c__fp_big_middle_shift_int=\count341
\c__fp_big_trailing_shift_int=\count342
\c__fp_Bigg_leading_shift_int=\count343
\c__fp_Bigg_middle_shift_int=\count344
\c__fp_Bigg_trailing_shift_int=\count345
L3 Module: l3box 2015/08/09 v5822 L3 Experimental boxes
\c_empty_box=\box96
\l_tmpa_box=\box97
\l_tmpb_box=\box98
\g_tmpa_box=\box99
\g_tmpb_box=\box100
L3 Module: l3coffins 2016/05/17 v6508 L3 Coffin code layer
\l__coffin_internal_box=\box101
\l__coffin_internal_dim=\dimen325
\l__coffin_offset_x_dim=\dimen326
\l__coffin_offset_y_dim=\dimen327
\l__coffin_x_dim=\dimen328
\l__coffin_y_dim=\dimen329
\l__coffin_x_prime_dim=\dimen330
\l__coffin_y_prime_dim=\dimen331
\c_empty_coffin=\box102
\l__coffin_aligned_coffin=\box103
\l__coffin_aligned_internal_coffin=\box104
\l_tmpa_coffin=\box105
\l_tmpb_coffin=\box106
\l__coffin_display_coffin=\box107
\l__coffin_display_coord_coffin=\box108
\l__coffin_display_pole_coffin=\box109
\l__coffin_display_offset_dim=\dimen332
\l__coffin_display_x_dim=\dimen333
\l__coffin_display_y_dim=\dimen334
L3 Module: l3color 2014/08/23 v5354 L3 Experimental color support
L3 Module: l3sys 2015/09/25 v6087 L3 Experimental system/runtime functions
L3 Module: l3candidates 2016/05/13 v6484 L3 Experimental additions to l3kernel
\l__box_top_dim=\dimen335
\l__box_bottom_dim=\dimen336
\l__box_left_dim=\dimen337
\l__box_right_dim=\dimen338
\l__box_top_new_dim=\dimen339
\l__box_bottom_new_dim=\dimen340
\l__box_left_new_dim=\dimen341
\l__box_right_new_dim=\dimen342
\l__box_internal_box=\box110
\l__coffin_bounding_shift_dim=\dimen343
\l__coffin_left_corner_dim=\dimen344
\l__coffin_right_corner_dim=\dimen345
\l__coffin_bottom_corner_dim=\dimen346
\l__coffin_top_corner_dim=\dimen347
\l__coffin_scaled_total_height_dim=\dimen348
\l__coffin_scaled_width_dim=\dimen349
L3 Module: l3luatex 2016/03/26 v6465 L3 Experimental LuaTeX-specific functions
)
(/usr/local/texlive/2016/texmf-dist/tex/latex/l3kernel/l3pdfmode.def
File: l3pdfmode.def 2016/03/26 v6465 L3 Experimental driver: PDF mode
\l__driver_color_stack_int=\count346
\l__driver_tmp_box=\box111
))
Package: xparse 2016/05/18 v6512 L3 Experimental document command parser
\l__xparse_current_arg_int=\count347
\l__xparse_m_args_int=\count348
\l__xparse_mandatory_args_int=\count349
\l__xparse_processor_int=\count350
\l__xparse_v_nesting_int=\count351
)
\c@thistext=\count352
\intdimension=\skip76
.................................................
. LaTeX info: "xparse/define-command"
. 
. Defining command \opaqueblock with sig. 'r<> O{\textwidth } m' on line 165.
.................................................
.................................................
. LaTeX info: "xparse/define-command"
. 
. Defining command \fancyblock with sig. 'r<> O{\textwidth } m' on line 176.
.................................................
.................................................
. LaTeX info: "xparse/define-command"
. 
. Defining command \vshadeblock with sig. 'r<> O{\textwidth } m' on line 187.
.................................................
.................................................
. LaTeX info: "xparse/define-command"
. 
. Defining command \oshadeblock with sig. 'r<> O{\textwidth } m' on line 198.
.................................................
.................................................
. LaTeX info: "xparse/define-command"
. 
. Defining command \invblock with sig. 'r<>' on line 206.
.................................................
.................................................
. LaTeX info: "xparse/define-command"
. 
. Defining command \dynalert with sig. 'r<> m' on line 208.
.................................................
)
\mybox=\box112


Package pgf Warning: File "ustc-tower-mask" not found when defining mask "logom
ask". Tried all extensions in ".pdf:.jpg:.jpeg:.png:" on input line 125.


Package pgf Warning: File "Images/index.png" not found when defining image "log
o". Tried all extensions in ".pdf:.jpg:.jpeg:.png:" on input line 126.


Package pgf Warning: Missing width for image "logo" ("Images/index.png") in dra
ft mode. Using 1cm instead on input line 126.


Package pgf Warning: File "ustc-mark-mask" not found when defining mask "ustcma
sk". Tried all extensions in ".pdf:.jpg:.jpeg:.png:" on input line 128.


Package pgf Warning: File "ustc-ox2-mask" not found when defining mask "titlema
sk". Tried all extensions in ".pdf:.jpg:.jpeg:.png:" on input line 131.


Package pgf Warning: File "Images/index.png" not found when defining image "tit
le". Tried all extensions in ".pdf:.jpg:.jpeg:.png:" on input line 132.


Package pgf Warning: Missing width for image "title" ("Images/index.png") in dr
aft mode. Using 1cm instead on input line 132.

\c@thm=\count353
\c@thm2=\count354
\c@pro=\count355
(./siamseas.aux)
\openout1 = `siamseas.aux'.

LaTeX Font Info:    Checking defaults for OML/cmm/m/it on input line 229.
LaTeX Font Info:    ... okay on input line 229.
LaTeX Font Info:    Checking defaults for T1/cmr/m/n on input line 229.
LaTeX Font Info:    ... okay on input line 229.
LaTeX Font Info:    Checking defaults for OT1/cmr/m/n on input line 229.
LaTeX Font Info:    ... okay on input line 229.
LaTeX Font Info:    Checking defaults for OMS/cmsy/m/n on input line 229.
LaTeX Font Info:    ... okay on input line 229.
LaTeX Font Info:    Checking defaults for OMX/cmex/m/n on input line 229.
LaTeX Font Info:    ... okay on input line 229.
LaTeX Font Info:    Checking defaults for U/cmr/m/n on input line 229.
LaTeX Font Info:    ... okay on input line 229.
LaTeX Font Info:    Checking defaults for PD1/pdf/m/n on input line 229.
LaTeX Font Info:    ... okay on input line 229.
LaTeX Font Info:    Checking defaults for C00/song/m/n on input line 229.
LaTeX Font Info:    ... okay on input line 229.
LaTeX Font Info:    Checking defaults for C05/song/m/n on input line 229.
LaTeX Font Info:    ... okay on input line 229.
LaTeX Font Info:    Checking defaults for C09/song/m/n on input line 229.
LaTeX Font Info:    ... okay on input line 229.
LaTeX Font Info:    Checking defaults for C10/song/m/n on input line 229.
LaTeX Font Info:    ... okay on input line 229.
LaTeX Font Info:    Checking defaults for C20/song/m/n on input line 229.
LaTeX Font Info:    ... okay on input line 229.
LaTeX Font Info:    Checking defaults for C19/song/m/n on input line 229.
LaTeX Font Info:    ... okay on input line 229.
LaTeX Font Info:    Checking defaults for C40/song/m/n on input line 229.
LaTeX Font Info:    ... okay on input line 229.
LaTeX Font Info:    Checking defaults for C42/song/m/n on input line 229.
LaTeX Font Info:    ... okay on input line 229.
LaTeX Font Info:    Checking defaults for C43/song/m/n on input line 229.
LaTeX Font Info:    ... okay on input line 229.
LaTeX Font Info:    Checking defaults for C50/song/m/n on input line 229.
LaTeX Font Info:    ... okay on input line 229.
LaTeX Font Info:    Checking defaults for C52/song/m/n on input line 229.
LaTeX Font Info:    ... okay on input line 229.
LaTeX Font Info:    Checking defaults for C49/song/m/n on input line 229.
LaTeX Font Info:    ... okay on input line 229.
LaTeX Font Info:    Checking defaults for C60/mj/m/n on input line 229.
LaTeX Font Info:    ... okay on input line 229.
LaTeX Font Info:    Checking defaults for C61/mj/m/n on input line 229.
LaTeX Font Info:    ... okay on input line 229.
LaTeX Font Info:    Checking defaults for C63/mj/m/n on input line 229.
LaTeX Font Info:    ... okay on input line 229.
LaTeX Font Info:    Checking defaults for C64/mj/m/n on input line 229.
LaTeX Font Info:    ... okay on input line 229.
LaTeX Font Info:    Checking defaults for C65/mj/m/n on input line 229.
LaTeX Font Info:    ... okay on input line 229.
LaTeX Font Info:    Checking defaults for C70/song/m/n on input line 229.
LaTeX Font Info:    ... okay on input line 229.
LaTeX Font Info:    Checking defaults for C31/song/m/n on input line 229.
LaTeX Font Info:    ... okay on input line 229.
LaTeX Font Info:    Checking defaults for C32/song/m/n on input line 229.
LaTeX Font Info:    ... okay on input line 229.
LaTeX Font Info:    Checking defaults for C33/song/m/n on input line 229.
LaTeX Font Info:    ... okay on input line 229.
LaTeX Font Info:    Checking defaults for C34/song/m/n on input line 229.
LaTeX Font Info:    ... okay on input line 229.
LaTeX Font Info:    Checking defaults for C35/song/m/n on input line 229.
LaTeX Font Info:    ... okay on input line 229.
LaTeX Font Info:    Checking defaults for C36/song/m/n on input line 229.
LaTeX Font Info:    ... okay on input line 229.
LaTeX Font Info:    Checking defaults for C37/song/m/n on input line 229.
LaTeX Font Info:    ... okay on input line 229.
LaTeX Font Info:    Checking defaults for C80/song/m/n on input line 229.
LaTeX Font Info:    ... okay on input line 229.
LaTeX Font Info:    Checking defaults for C81/song/m/n on input line 229.
LaTeX Font Info:    ... okay on input line 229.
LaTeX Font Info:    Checking defaults for C01/song/m/n on input line 229.
LaTeX Font Info:    ... okay on input line 229.
LaTeX Font Info:    Checking defaults for C11/song/m/n on input line 229.
LaTeX Font Info:    ... okay on input line 229.
LaTeX Font Info:    Checking defaults for C21/song/m/n on input line 229.
LaTeX Font Info:    ... okay on input line 229.
LaTeX Font Info:    Checking defaults for C41/song/m/n on input line 229.
LaTeX Font Info:    ... okay on input line 229.
LaTeX Font Info:    Checking defaults for C62/song/m/n on input line 229.
LaTeX Font Info:    ... okay on input line 229.

*geometry* driver: auto-detecting
*geometry* detected driver: pdftex
*geometry* verbose mode - [ preamble ] result:
* driver: pdftex
* paper: custom
* layout: <same size as paper>
* layoutoffset:(h,v)=(0.0pt,0.0pt)
* modes: includehead includefoot 
* h-part:(L,W,R)=(28.45274pt, 307.28987pt, 28.45274pt)
* v-part:(T,H,B)=(0.0pt, 273.14662pt, 0.0pt)
* \paperwidth=364.19536pt
* \paperheight=273.14662pt
* \textwidth=307.28987pt
* \textheight=244.6939pt
* \oddsidemargin=-43.81725pt
* \evensidemargin=-43.81725pt
* \topmargin=-72.26999pt
* \headheight=14.22636pt
* \headsep=0.0pt
* \topskip=11.0pt
* \footskip=14.22636pt
* \marginparwidth=4.0pt
* \marginparsep=10.0pt
* \columnsep=10.0pt
* \skip\footins=10.0pt plus 4.0pt minus 2.0pt
* \hoffset=0.0pt
* \voffset=0.0pt
* \mag=1000
* \@twocolumnfalse
* \@twosidefalse
* \@mparswitchfalse
* \@reversemarginfalse
* (1in=72.27pt=25.4mm, 1cm=28.453pt)

(/usr/local/texlive/2016/texmf-dist/tex/context/base/mkii/supp-pdf.mkii
[Loading MPS to PDF converter (version 2006.09.02).]
\scratchcounter=\count356
\scratchdimen=\dimen350
\scratchbox=\box113
\nofMPsegments=\count357
\nofMParguments=\count358
\everyMPshowfont=\toks55
\MPscratchCnt=\count359
\MPscratchDim=\dimen351
\MPnumerator=\count360
\makeMPintoPDFobject=\count361
\everyMPtoPDFconversion=\toks56
) (/usr/local/texlive/2016/texmf-dist/tex/latex/oberdiek/epstopdf-base.sty
Package: epstopdf-base 2016/05/15 v2.6 Base part for package epstopdf

(/usr/local/texlive/2016/texmf-dist/tex/latex/oberdiek/grfext.sty
Package: grfext 2016/05/16 v1.2 Manage graphics extensions (HO)
)
Package grfext Info: Graphics extension search list:
(grfext)             [.png,.pdf,.jpg,.mps,.jpeg,.jbig2,.jb2,.PNG,.PDF,.JPG,.JPE
G,.JBIG2,.JB2,.eps]
(grfext)             \AppendGraphicsExtensions on input line 456.

(/usr/local/texlive/2016/texmf-dist/tex/latex/latexconfig/epstopdf-sys.cfg
File: epstopdf-sys.cfg 2010/07/13 v1.3 Configuration of (r)epstopdf for TeX Liv
e
))
ABD: EveryShipout initializing macros
\AtBeginShipoutBox=\box114
Package hyperref Info: Link coloring OFF on input line 229.

(/usr/local/texlive/2016/texmf-dist/tex/latex/hyperref/nameref.sty
Package: nameref 2012/10/27 v2.43 Cross-referencing by name of section

(/usr/local/texlive/2016/texmf-dist/tex/generic/oberdiek/gettitlestring.sty
Package: gettitlestring 2016/05/16 v1.5 Cleanup title references (HO)
)
\c@section@level=\count362
)
LaTeX Info: Redefining \ref on input line 229.
LaTeX Info: Redefining \pageref on input line 229.
LaTeX Info: Redefining \nameref on input line 229.

(./siamseas.out) (./siamseas.out)
\@outlinefile=\write8
\openout8 = `siamseas.out'.

LaTeX Font Info:    Overwriting symbol font `operators' in version `normal'
(Font)                  OT1/cmbr/m/n --> OT1/cmss/m/n on input line 229.
LaTeX Font Info:    Overwriting symbol font `operators' in version `bold'
(Font)                  OT1/cmbr/m/n --> OT1/cmss/bx/n on input line 229.
LaTeX Font Info:    Overwriting symbol font `operators' in version `normal'
(Font)                  OT1/cmss/m/n --> OT1/cmbr/m/n on input line 229.
LaTeX Font Info:    Overwriting symbol font `operators' in version `bold'
(Font)                  OT1/cmss/bx/n --> OT1/cmbr/bx/n on input line 229.
\symnumbers=\mathgroup7
\sympureletters=\mathgroup8
LaTeX Font Info:    Overwriting math alphabet `\mathrm' in version `normal'
(Font)                  OT1/cmbr/m/n --> OT1/lmr/m/n on input line 229.
LaTeX Font Info:    Redeclaring math alphabet \mathbf on input line 229.
LaTeX Font Info:    Overwriting math alphabet `\mathbf' in version `normal'
(Font)                  OT1/cmbr/bx/n --> OT1/cmbr/bx/n on input line 229.
LaTeX Font Info:    Overwriting math alphabet `\mathbf' in version `bold'
(Font)                  OT1/cmbr/bx/n --> OT1/cmbr/bx/n on input line 229.
LaTeX Font Info:    Redeclaring math alphabet \mathsf on input line 229.
LaTeX Font Info:    Overwriting math alphabet `\mathsf' in version `normal'
(Font)                  OT1/lmss/m/n --> OT1/cmbr/m/n on input line 229.
LaTeX Font Info:    Overwriting math alphabet `\mathsf' in version `bold'
(Font)                  OT1/lmss/bx/n --> OT1/cmbr/m/n on input line 229.
LaTeX Font Info:    Redeclaring math alphabet \mathit on input line 229.
LaTeX Font Info:    Overwriting math alphabet `\mathit' in version `normal'
(Font)                  OT1/cmbr/m/sl --> OT1/cmbr/m/it on input line 229.
LaTeX Font Info:    Overwriting math alphabet `\mathit' in version `bold'
(Font)                  OT1/cmbr/m/sl --> OT1/cmbr/m/it on input line 229.
LaTeX Font Info:    Redeclaring math alphabet \mathtt on input line 229.
LaTeX Font Info:    Overwriting math alphabet `\mathtt' in version `normal'
(Font)                  OT1/cmtl/m/n --> OT1/cmtl/m/n on input line 229.
LaTeX Font Info:    Overwriting math alphabet `\mathtt' in version `bold'
(Font)                  OT1/cmtl/m/n --> OT1/cmtl/m/n on input line 229.
LaTeX Font Info:    Overwriting symbol font `numbers' in version `bold'
(Font)                  OT1/cmbr/m/n --> OT1/cmbr/bx/n on input line 229.
LaTeX Font Info:    Overwriting symbol font `pureletters' in version `bold'
(Font)                  OT1/cmbr/m/it --> OT1/cmbr/bx/it on input line 229.
LaTeX Font Info:    Overwriting math alphabet `\mathrm' in version `bold'
(Font)                  OT1/cmbr/bx/n --> OT1/lmr/bx/n on input line 229.
LaTeX Font Info:    Overwriting math alphabet `\mathbf' in version `bold'
(Font)                  OT1/cmbr/bx/n --> OT1/cmbr/bx/n on input line 229.
LaTeX Font Info:    Overwriting math alphabet `\mathsf' in version `bold'
(Font)                  OT1/cmbr/m/n --> OT1/cmbr/bx/n on input line 229.
LaTeX Font Info:    Overwriting math alphabet `\mathit' in version `bold'
(Font)                  OT1/cmbr/m/it --> OT1/cmbr/bx/it on input line 229.
LaTeX Font Info:    Overwriting math alphabet `\mathtt' in version `bold'
(Font)                  OT1/cmtl/m/n --> OT1/cmtl/bx/n on input line 229.

(/usr/local/texlive/2016/texmf-dist/tex/latex/beamer/translator/dicts/translato
r-basic-dictionary/translator-basic-dictionary-English.dict
Dictionary: translator-basic-dictionary, Language: English 
)
(/usr/local/texlive/2016/texmf-dist/tex/latex/beamer/translator/dicts/translato
r-bibliography-dictionary/translator-bibliography-dictionary-English.dict
Dictionary: translator-bibliography-dictionary, Language: English 
)
(/usr/local/texlive/2016/texmf-dist/tex/latex/beamer/translator/dicts/translato
r-environment-dictionary/translator-environment-dictionary-English.dict
Dictionary: translator-environment-dictionary, Language: English 
)
(/usr/local/texlive/2016/texmf-dist/tex/latex/beamer/translator/dicts/translato
r-months-dictionary/translator-months-dictionary-English.dict
Dictionary: translator-months-dictionary, Language: English 
)
(/usr/local/texlive/2016/texmf-dist/tex/latex/beamer/translator/dicts/translato
r-numbers-dictionary/translator-numbers-dictionary-English.dict
Dictionary: translator-numbers-dictionary, Language: English 
)
(/usr/local/texlive/2016/texmf-dist/tex/latex/beamer/translator/dicts/translato
r-theorem-dictionary/translator-theorem-dictionary-English.dict
Dictionary: translator-theorem-dictionary, Language: English 
)
LaTeX Info: Redefining \includegraphics on input line 229.
Package caption Info: Begin \AtBeginDocument code.
Package caption Info: float package is loaded.
Package caption Info: longtable package is loaded.

(/usr/local/texlive/2016/texmf-dist/tex/latex/caption/ltcaption.sty
Package: ltcaption 2013/06/09 v1.4-94 longtable captions (AR)
)
Package caption Info: End \AtBeginDocument code.

(./siamseas.nav)

LaTeX Font Warning: Font shape `OT1/cmbr/bx/n' in size <6> not available
(Font)              Font shape `OT1/cmbr/m/n' tried instead on input line 229.

(/usr/local/texlive/2016/texmf-dist/tex/latex/cjk/texinput/standard.bdg
File: standard.bdg 2015/04/18 4.8.4
)
(/usr/local/texlive/2016/texmf-dist/tex/latex/cjk/texinput/extended.enc
File: extended.enc 2015/04/18 4.8.4
)
(/usr/local/texlive/2016/texmf-dist/tex/latex/cjk/texinput/extended.chr
File: extended.chr 2015/04/18 4.8.4
)

Package hyperref Warning: Option `pdfauthor' has already been used,
(hyperref)                setting the option has no effect on input line 233.


LaTeX Font Warning: Font shape `OT1/cmbr/bx/n' in size <4> not available
(Font)              Font shape `OT1/cmbr/m/n' tried instead on input line 251.

<figures/index.png, id=23, 299.1175pt x 169.63374pt>
File: figures/index.png Graphic file (type png)
 <use figures/index.png>
Package pdftex.def Info: figures/index.png used on input line 251.
(pdftex.def)             Requested size: 25.60493pt x 14.5209pt.

[1
Non-PDF special ignored!

{/usr/local/texlive/2016/texmf-var/fonts/map/pdftex/updmap/pdftex.map} <./figur
es/index.png>]
File: figures/index.png Graphic file (type png)
 <use figures/index.png>
Package pdftex.def Info: figures/index.png used on input line 264.
(pdftex.def)             Requested size: 25.60493pt x 14.5209pt.
 [2

]
File: figures/index.png Graphic file (type png)

<use figures/index.png>
Package pdftex.def Info: figures/index.png used on input line 278.
(pdftex.def)             Requested size: 25.60493pt x 14.5209pt.
 [3

]
LaTeX Font Info:    Try loading font information for OML+cmbrm on input line 29
5.

(/usr/local/texlive/2016/texmf-dist/tex/latex/cmbright/omlcmbrm.fd
File: omlcmbrm.fd 2005/04/13 v8.1 (WaS)
)
LaTeX Font Info:    Try loading font information for OMS+cmbrs on input line 29
5.

(/usr/local/texlive/2016/texmf-dist/tex/latex/cmbright/omscmbrs.fd
File: omscmbrs.fd 2005/04/13 v8.1 (WaS)
)
LaTeX Font Info:    Try loading font information for OMX+lmex on input line 295
.

(/usr/local/texlive/2016/texmf-dist/tex/latex/lm/omxlmex.fd
File: omxlmex.fd 2009/10/30 v1.6 Font defs for Latin Modern
)
LaTeX Font Info:    External font `lmex10' loaded for size
(Font)              <10.95> on input line 295.
LaTeX Font Info:    External font `lmex10' loaded for size
(Font)              <8> on input line 295.
LaTeX Font Info:    External font `lmex10' loaded for size
(Font)              <6> on input line 295.
LaTeX Font Info:    Try loading font information for U+lasy on input line 295.

(/usr/local/texlive/2016/texmf-dist/tex/latex/base/ulasy.fd
File: ulasy.fd 1998/08/17 v2.2e LaTeX symbol font definitions
)
LaTeX Font Info:    Font shape `OT1/cmbr/m/it' in size <10.95> not available
(Font)              Font shape `OT1/cmbr/m/sl' tried instead on input line 295.

LaTeX Font Info:    Font shape `OT1/cmbr/m/it' in size <8> not available
(Font)              Font shape `OT1/cmbr/m/sl' tried instead on input line 295.

LaTeX Font Info:    Font shape `OT1/cmbr/m/it' in size <6> not available
(Font)              Font shape `OT1/cmbr/m/sl' tried instead on input line 295.



LaTeX Font Warning: Font shape `OT1/cmbr/bx/n' in size <8> not available
(Font)              Font shape `OT1/cmbr/m/n' tried instead on input line 295.

File: figures/index.png Graphic file (type png)
<use figures/index.png>
Package pdftex.def Info: figures/index.png used on input line 295.
(pdftex.def)             Requested size: 25.60493pt x 14.5209pt.
 [4

]
File: figures/index.png Graphic file (type png)
 <use figures/index.png>
Package pdftex.def Info: figures/index.png used on input line 321.
(pdftex.def)             Requested size: 25.60493pt x 14.5209pt.
 [5

]
File: figures/index.png Graphic file (type png)

<use figures/index.png>
Package pdftex.def Info: figures/index.png used on input line 344.
(pdftex.def)             Requested size: 25.60493pt x 14.5209pt.
 [6

]
<figures/esbarrier.png, id=79, 236.8047pt x 104.5506pt>
File: figures/esbarrier.png Graphic file (type png)

<use figures/esbarrier.png>
Package pdftex.def Info: figures/esbarrier.png used on input line 354.
(pdftex.def)             Requested size: 307.28987pt x 135.68283pt.
LaTeX Font Info:    External font `lmex10' loaded for size
(Font)              <5> on input line 354.


LaTeX Font Warning: Font shape `OT1/cmbr/bx/n' in size <5> not available
(Font)              Font shape `OT1/cmbr/m/n' tried instead on input line 354.

LaTeX Font Info:    Font shape `OT1/cmbr/m/it' in size <5> not available
(Font)              Font shape `OT1/cmbr/m/sl' tried instead on input line 354.

LaTeX Font Info:    Try loading font information for OT1+cmtl on input line 354
.
(/usr/local/texlive/2016/texmf-dist/tex/latex/cmbright/ot1cmtl.fd
File: ot1cmtl.fd 2005/04/13 v8.1 (WaS)
)
File: figures/index.png Graphic file (type png)

<use figures/index.png>
Package pdftex.def Info: figures/index.png used on input line 354.
(pdftex.def)             Requested size: 25.60493pt x 14.5209pt.
 [7

 <./figures/esbarrier.png>]
LaTeX Font Info:    External font `lmex10' loaded for size
(Font)              <10> on input line 383.
LaTeX Font Info:    External font `lmex10' loaded for size
(Font)              <7> on input line 383.


LaTeX Font Warning: Font shape `OT1/cmbr/bx/n' in size <7> not available
(Font)              Font shape `OT1/cmbr/m/n' tried instead on input line 383.

LaTeX Font Info:    Font shape `OT1/cmbr/m/it' in size <10> not available
(Font)              Font shape `OT1/cmbr/m/sl' tried instead on input line 383.

LaTeX Font Info:    Font shape `OT1/cmbr/m/it' in size <7> not available
(Font)              Font shape `OT1/cmbr/m/sl' tried instead on input line 383.

File: figures/index.png Graphic file (type png)
<use figures/index.png>
Package pdftex.def Info: figures/index.png used on input line 383.
(pdftex.def)             Requested size: 25.60493pt x 14.5209pt.
 [8

]
File: figures/index.png Graphic file (type png)
 <use figures/index.png>
Package pdftex.def Info: figures/index.png used on input line 416.
(pdftex.def)             Requested size: 25.60493pt x 14.5209pt.
 [9

]
File: figures/index.png Graphic file (type png)

<use figures/index.png>
Package pdftex.def Info: figures/index.png used on input line 453.
(pdftex.def)             Requested size: 25.60493pt x 14.5209pt.
 [10

]
Overfull \hbox (7.56604pt too wide) in alignment at lines 479--479
 [][][] []
 []

File: figures/index.png Graphic file (type png)
<use figures/index.png>
Package pdftex.def Info: figures/index.png used on input line 479.
(pdftex.def)             Requested size: 25.60493pt x 14.5209pt.
 [11

]
Overfull \hbox (20.2487pt too wide) in alignment at lines 510--510
 [][][] []
 []

LaTeX Font Info:    Calculating math sizes for size <10.5> on input line 510.
LaTeX Font Info:    External font `lmex10' loaded for size
(Font)              <10.5> on input line 510.
LaTeX Font Info:    External font `lmex10' loaded for size
(Font)              <7.34996> on input line 510.
LaTeX Font Info:    External font `lmex10' loaded for size
(Font)              <5.25> on input line 510.

LaTeX Font Warning: Font shape `OT1/cmbr/bx/n' in size <7.34996> not available
(Font)              Font shape `OT1/cmbr/m/n' tried instead on input line 510.


LaTeX Font Warning: Font shape `OT1/cmbr/bx/n' in size <5.25> not available
(Font)              Font shape `OT1/cmbr/m/n' tried instead on input line 510.


LaTeX Font Warning: Font shape `U/lasy/m/n' in size <10.5> not available
(Font)              size <10.95> substituted on input line 510.

LaTeX Font Info:    Font shape `OT1/cmbr/m/it' in size <10.5> not available
(Font)              Font shape `OT1/cmbr/m/sl' tried instead on input line 510.

LaTeX Font Info:    Font shape `OT1/cmbr/m/it' in size <7.34996> not available
(Font)              Font shape `OT1/cmbr/m/sl' tried instead on input line 510.

LaTeX Font Info:    Font shape `OT1/cmbr/m/it' in size <5.25> not available
(Font)              Font shape `OT1/cmbr/m/sl' tried instead on input line 510.

File: figures/index.png Graphic file (type png)
<use figures/index.png>
Package pdftex.def Info: figures/index.png used on input line 510.
(pdftex.def)             Requested size: 25.60493pt x 14.5209pt.
 [12

]
Overfull \hbox (28.96202pt too wide) in alignment at lines 537--537
 [][][] []
 []


Overfull \hbox (10.25943pt too wide) in alignment at lines 537--537
 [][][] []
 []

File: figures/index.png Graphic file (type png)
<use figures/index.png>
Package pdftex.def Info: figures/index.png used on input line 537.
(pdftex.def)             Requested size: 25.60493pt x 14.5209pt.
 [13

]
File: figures/index.png Graphic file (type png)
 <use figures/index.png>
Package pdftex.def Info: figures/index.png used on input line 551.
(pdftex.def)             Requested size: 25.60493pt x 14.5209pt.
 [14

]
File: figures/index.png Graphic file (type png)

<use figures/index.png>
Package pdftex.def Info: figures/index.png used on input line 575.
(pdftex.def)             Requested size: 25.60493pt x 14.5209pt.
 [15

]
File: figures/index.png Graphic file (type png)
 <use figures/index.png>
Package pdftex.def Info: figures/index.png used on input line 599.
(pdftex.def)             Requested size: 25.60493pt x 14.5209pt.
 [16

]
File: figures/index.png Graphic file (type png)

<use figures/index.png>
Package pdftex.def Info: figures/index.png used on input line 630.
(pdftex.def)             Requested size: 25.60493pt x 14.5209pt.
 [17

]
File: figures/index.png Graphic file (type png)
 <use figures/index.png>
Package pdftex.def Info: figures/index.png used on input line 644.
(pdftex.def)             Requested size: 25.60493pt x 14.5209pt.
 [18

]
Overfull \vbox (2.80376pt too high) detected at line 667
 []

File: figures/index.png Graphic file (type png)
<use figures/index.png>
Package pdftex.def Info: figures/index.png used on input line 667.
(pdftex.def)             Requested size: 25.60493pt x 14.5209pt.
 [19

]
File: figures/index.png Graphic file (type png)
 <use figures/index.png>
Package pdftex.def Info: figures/index.png used on input line 678.
(pdftex.def)             Requested size: 25.60493pt x 14.5209pt.
 [20

]
File: figures/index.png Graphic file (type png)

<use figures/index.png>
Package pdftex.def Info: figures/index.png used on input line 704.
(pdftex.def)             Requested size: 25.60493pt x 14.5209pt.
 [21

]
File: figures/index.png Graphic file (type png)
 <use figures/index.png>
Package pdftex.def Info: figures/index.png used on input line 714.
(pdftex.def)             Requested size: 25.60493pt x 14.5209pt.
 [22

<<mov/simulation.avi>>]
File: figures/index.png Graphic file (type png)
<use figures/index.png>
Package pdftex.def Info: figures/index.png used on input line 723.
(pdftex.def)             Requested size: 25.60493pt x 14.5209pt.
 [23

<<mov/etfhm1.avi>>]
Package epstopdf Info: Source file: <figures/psdWRandom.eps>
(epstopdf)                    date: 2016-09-22 15:10:04
(epstopdf)                    size: 296906 bytes
(epstopdf)             Output file: <figures/psdWRandom-eps-converted-to.pdf>
(epstopdf)                    date: 2017-04-09 01:00:15
(epstopdf)                    size: 24558 bytes
(epstopdf)             Command: <repstopdf --outfile=figures/psdWRandom-eps-con
verted-to.pdf figures/psdWRandom.eps>
(epstopdf)             \includegraphics on input line 741.
Package epstopdf Info: Output file is already uptodate.

<figures/psdWRandom-eps-converted-to.pdf, id=231, 421.575pt x 316.18124pt>
File: figures/psdWRandom-eps-converted-to.pdf Graphic file (type pdf)

<use figures/psdWRandom-eps-converted-to.pdf>
Package pdftex.def Info: figures/psdWRandom-eps-converted-to.pdf used on input 
line 741.
(pdftex.def)             Requested size: 138.2795pt x 103.70811pt.
Package epstopdf Info: Source file: <figures/psdEhRandom.eps>
(epstopdf)                    date: 2016-09-22 15:10:04
(epstopdf)                    size: 299613 bytes
(epstopdf)             Output file: <figures/psdEhRandom-eps-converted-to.pdf>
(epstopdf)                    date: 2016-09-22 15:10:04
(epstopdf)                    size: 24186 bytes
(epstopdf)             Command: <repstopdf --outfile=figures/psdEhRandom-eps-co
nverted-to.pdf figures/psdEhRandom.eps>
(epstopdf)             \includegraphics on input line 741.
Package epstopdf Info: Output file is already uptodate.

<figures/psdEhRandom-eps-converted-to.pdf, id=232, 421.575pt x 316.18124pt>
File: figures/psdEhRandom-eps-converted-to.pdf Graphic file (type pdf)

<use figures/psdEhRandom-eps-converted-to.pdf>
Package pdftex.def Info: figures/psdEhRandom-eps-converted-to.pdf used on input
 line 741.
(pdftex.def)             Requested size: 138.2795pt x 103.70811pt.
File: figures/index.png Graphic file (type png)
 <use figures/index.png>
Package pdftex.def Info: figures/index.png used on input line 741.
(pdftex.def)             Requested size: 25.60493pt x 14.5209pt.
 [24

 <./figures/psdWRandom-eps-converted-to.pdf> <./figures/psdEhRandom-eps-convert
ed-to.pdf>]
Package epstopdf Info: Source file: <figures/hm1roughness.eps>
(epstopdf)                    date: 2016-09-22 15:10:03
(epstopdf)                    size: 183245 bytes
(epstopdf)             Output file: <figures/hm1roughness-eps-converted-to.pdf>

(epstopdf)                    date: 2016-09-22 15:10:04
(epstopdf)                    size: 50008 bytes
(epstopdf)             Command: <repstopdf --outfile=figures/hm1roughness-eps-c
onverted-to.pdf figures/hm1roughness.eps>
(epstopdf)             \includegraphics on input line 759.
Package epstopdf Info: Output file is already uptodate.

<figures/hm1roughness-eps-converted-to.pdf, id=271, 562.1pt x 421.575pt>
File: figures/hm1roughness-eps-converted-to.pdf Graphic file (type pdf)

<use figures/hm1roughness-eps-converted-to.pdf>
Package pdftex.def Info: figures/hm1roughness-eps-converted-to.pdf used on inpu
t line 759.
(pdftex.def)             Requested size: 138.2795pt x 103.70811pt.
Package epstopdf Info: Source file: <figures/hm1energy.eps>
(epstopdf)                    date: 2016-09-22 15:10:04
(epstopdf)                    size: 171119 bytes
(epstopdf)             Output file: <figures/hm1energy-eps-converted-to.pdf>
(epstopdf)                    date: 2016-09-22 15:10:04
(epstopdf)                    size: 48502 bytes
(epstopdf)             Command: <repstopdf --outfile=figures/hm1energy-eps-conv
erted-to.pdf figures/hm1energy.eps>
(epstopdf)             \includegraphics on input line 759.
Package epstopdf Info: Output file is already uptodate.

<figures/hm1energy-eps-converted-to.pdf, id=272, 562.1pt x 421.575pt>
File: figures/hm1energy-eps-converted-to.pdf Graphic file (type pdf)

<use figures/hm1energy-eps-converted-to.pdf>
Package pdftex.def Info: figures/hm1energy-eps-converted-to.pdf used on input l
ine 759.
(pdftex.def)             Requested size: 138.2795pt x 103.70811pt.
File: figures/index.png Graphic file (type png)
 <use figures/index.png>
Package pdftex.def Info: figures/index.png used on input line 759.
(pdftex.def)             Requested size: 25.60493pt x 14.5209pt.
 [25

 <./figures/hm1roughness-eps-converted-to.pdf> <./figures/hm1energy-eps-convert
ed-to.pdf>] (./siamseas.bbl
LaTeX Font Info:    Font shape `OT1/cmbr/m/it' in size <9> not available
(Font)              Font shape `OT1/cmbr/m/sl' tried instead on input line 5.
LaTeX Font Info:    External font `lmex10' loaded for size
(Font)              <9> on input line 11.
)
File: figures/index.png Graphic file (type png)
 <use figures/index.png>
Package pdftex.def Info: figures/index.png used on input line 767.
(pdftex.def)             Requested size: 25.60493pt x 14.5209pt.
 [26

]
File: figures/index.png Graphic file (type png)
 <use figures/index.png>
Package pdftex.def Info: figures/index.png used on input line 794.
(pdftex.def)             Requested size: 25.60493pt x 14.5209pt.

[27

<<mov/cline.avi>><<mov/one.avi>><<mov/two.avi>><<mov/four.avi>>]
File: figures/index.png Graphic file (type png)

<use figures/index.png>
Package pdftex.def Info: figures/index.png used on input line 804.
(pdftex.def)             Requested size: 25.60493pt x 14.5209pt.
 [28

]
\tf@nav=\write9
\openout9 = `siamseas.nav'.

\tf@toc=\write10
\openout10 = `siamseas.toc'.

\tf@snm=\write11
\openout11 = `siamseas.snm'.



Package movie15 Warning: @@@@@@@@@@@@@@@@@@@@@@@@@@@@@@@@@@@@@@@
(movie15)                @@ Package `movie15' is obsolete and @@
(movie15)                @@ superseded by `media9'.           @@
(movie15)                @@@@@@@@@@@@@@@@@@@@@@@@@@@@@@@@@@@@@@@.


Package movie15 Warning: @@@@@@@@@@@@@@@@@@@@@@@@@@@@@@@@@@@@@@@@@@@
(movie15)                @@ Rerun to get object references right! @@
(movie15)                @@@@@@@@@@@@@@@@@@@@@@@@@@@@@@@@@@@@@@@@@@@.

Package atveryend Info: Empty hook `BeforeClearDocument' on input line 808.
Package atveryend Info: Empty hook `AfterLastShipout' on input line 808.
(./siamseas.aux)
Package atveryend Info: Executing hook `AtVeryEndDocument' on input line 808.
Package atveryend Info: Executing hook `AtEndAfterFileList' on input line 808.
Package rerunfilecheck Info: File `siamseas.out' has not changed.
(rerunfilecheck)             Checksum: D41D8CD98F00B204E9800998ECF8427E;0.


LaTeX Font Warning: Size substitutions with differences
(Font)              up to 0.45pt have occurred.

Package atveryend Info: Empty hook `AtVeryVeryEnd' on input line 808.
 ) 
Here is how much of TeX's memory you used:
 40025 strings out of 493014
 824344 string characters out of 6133351
 1003318 words of memory out of 5000000
 42656 multiletter control sequences out of 15000+600000
 24351 words of font info for 93 fonts, out of 8000000 for 9000
 1141 hyphenation exceptions out of 8191
 56i,16n,83p,10387b,1087s stack positions out of 5000i,500n,10000p,200000b,80000s
{/usr/local/texlive/2016/texmf-dist/fonts/enc/dvips/lm/lm-mathex.enc}</usr/lo
cal/texlive/2016/texmf-dist/fonts/type1/public/hfbright/hfbr10.pfb></usr/local/
texlive/2016/texmf-dist/fonts/type1/public/hfbright/hfbr8.pfb></usr/local/texli
ve/2016/texmf-dist/fonts/type1/public/hfbright/hfbr9.pfb></usr/local/texlive/20
16/texmf-dist/fonts/type1/public/hfbright/hfbras8.pfb></usr/local/texlive/2016/
texmf-dist/fonts/type1/public/hfbright/hfbrbs10.pfb></usr/local/texlive/2016/te
xmf-dist/fonts/type1/public/hfbright/hfbrbx10.pfb></usr/local/texlive/2016/texm
f-dist/fonts/type1/public/hfbright/hfbrmi10.pfb></usr/local/texlive/2016/texmf-
dist/fonts/type1/public/hfbright/hfbrmi8.pfb></usr/local/texlive/2016/texmf-dis
t/fonts/type1/public/hfbright/hfbrsl10.pfb></usr/local/texlive/2016/texmf-dist/
fonts/type1/public/hfbright/hfbrsl8.pfb></usr/local/texlive/2016/texmf-dist/fon
ts/type1/public/hfbright/hfbrsl9.pfb></usr/local/texlive/2016/texmf-dist/fonts/
type1/public/hfbright/hfbrsy10.pfb></usr/local/texlive/2016/texmf-dist/fonts/ty
pe1/public/hfbright/hfbrsy8.pfb></usr/local/texlive/2016/texmf-dist/fonts/type1
/public/hfbright/hftl10.pfb></usr/local/texlive/2016/texmf-dist/fonts/type1/pub
lic/lm/lmex10.pfb>
Output written on siamseas.pdf (28 pages, 85623112 bytes).
PDF statistics:
 445 PDF objects out of 1000 (max. 8388607)
 351 compressed objects within 4 object streams
 73 named destinations out of 1000 (max. 500000)
 318 words of extra memory for PDF output out of 10000 (max. 10000000)

