\BOOKMARK [1][-]{section*.1}{List of Figures}{}% 1
\BOOKMARK [1][-]{section*.2}{List of Tables}{}% 2
\BOOKMARK [1][-]{section.1}{Preliminaries}{}% 3
\BOOKMARK [2][-]{subsection.1.1}{Linear Algebra Preliminaries}{section.1}% 4
\BOOKMARK [3][-]{subsubsection.1.1.1}{Common Properties}{subsection.1.1}% 5
\BOOKMARK [3][-]{subsubsection.1.1.2}{Similar and diagonalization}{subsection.1.1}% 6
\BOOKMARK [3][-]{subsubsection.1.1.3}{Eigenvalues and Eigenvectors}{subsection.1.1}% 7
\BOOKMARK [3][-]{subsubsection.1.1.4}{Unitary matrices}{subsection.1.1}% 8
\BOOKMARK [3][-]{subsubsection.1.1.5}{Hermitian matrices}{subsection.1.1}% 9
\BOOKMARK [3][-]{subsubsection.1.1.6}{Positive definite matrices}{subsection.1.1}% 10
\BOOKMARK [3][-]{subsubsection.1.1.7}{Normal matrices}{subsection.1.1}% 11
\BOOKMARK [3][-]{subsubsection.1.1.8}{Common Theorems}{subsection.1.1}% 12
\BOOKMARK [2][-]{subsection.1.2}{Calculus Preliminaries}{section.1}% 13
\BOOKMARK [2][-]{subsection.1.3}{Norms' Preliminaries}{section.1}% 14
\BOOKMARK [3][-]{subsubsection.1.3.1}{Vector Norms}{subsection.1.3}% 15
\BOOKMARK [3][-]{subsubsection.1.3.2}{Matrix Norms}{subsection.1.3}% 16
\BOOKMARK [1][-]{section.2}{Direct Method}{}% 17
\BOOKMARK [2][-]{subsection.2.1}{For square or rectangular matrices ACm,n, mn}{section.2}% 18
\BOOKMARK [3][-]{subsubsection.2.1.1}{Singular Value Decomposition}{subsection.2.1}% 19
\BOOKMARK [3][-]{subsubsection.2.1.2}{QR Decomposition}{subsection.2.1}% 20
\BOOKMARK [2][-]{subsection.2.2}{For square matrices ACn,n}{section.2}% 21
\BOOKMARK [3][-]{subsubsection.2.2.1}{LU Decomposition}{subsection.2.2}% 22
\BOOKMARK [3][-]{subsubsection.2.2.2}{Cholesky Decomposition}{subsection.2.2}% 23
\BOOKMARK [1][-]{section.3}{Iterative Method}{}% 24
\BOOKMARK [2][-]{subsection.3.1}{General Iterative Scheme}{section.3}% 25
\BOOKMARK [2][-]{subsection.3.2}{Jacobi Method}{section.3}% 26
\BOOKMARK [2][-]{subsection.3.3}{Gauss-Seidel Method}{section.3}% 27
\BOOKMARK [2][-]{subsection.3.4}{Richardson Method}{section.3}% 28
\BOOKMARK [2][-]{subsection.3.5}{Successive Over Relaxation \(SOR\) Method}{section.3}% 29
\BOOKMARK [2][-]{subsection.3.6}{Minimal Correction Method}{section.3}% 30
\BOOKMARK [2][-]{subsection.3.7}{Steepest Descent Method}{section.3}% 31
\BOOKMARK [2][-]{subsection.3.8}{Conjugate Gradients Method}{section.3}% 32
\BOOKMARK [1][-]{section.4}{Eigenvalue Problems}{}% 33
\BOOKMARK [1][-]{section.5}{Euler Method}{}% 34
\BOOKMARK [2][-]{subsection.5.1}{Euler's method}{section.5}% 35
\BOOKMARK [2][-]{subsection.5.2}{Trapezoidal Method}{section.5}% 36
\BOOKMARK [2][-]{subsection.5.3}{Theta Method}{section.5}% 37
\BOOKMARK [2][-]{subsection.5.4}{Midpoint Rule Method}{section.5}% 38
\BOOKMARK [1][-]{section.6}{Multistep Methond}{}% 39
\BOOKMARK [2][-]{subsection.6.1}{The Adams Method}{section.6}% 40
\BOOKMARK [2][-]{subsection.6.2}{The Order and Convergence of Multistep Methods}{section.6}% 41
\BOOKMARK [2][-]{subsection.6.3}{Method of A-stable verification for Multistep Methods }{section.6}% 42
\BOOKMARK [1][-]{section.7}{Runge-Kutta Methods}{}% 43
\BOOKMARK [2][-]{subsection.7.1}{Quadrature Formulas}{section.7}% 44
\BOOKMARK [2][-]{subsection.7.2}{Explicit Runge-Kutta Formulas}{section.7}% 45
\BOOKMARK [2][-]{subsection.7.3}{Implicit Runge-Kutta Formulas}{section.7}% 46
\BOOKMARK [2][-]{subsection.7.4}{Collocation Runge-Kutta Formulas}{section.7}% 47
\BOOKMARK [2][-]{subsection.7.5}{Method of A-stable verification for Runge-Kutta Method }{section.7}% 48
\BOOKMARK [2][-]{subsection.7.6}{Problems}{section.7}% 49
\BOOKMARK [1][-]{problem.7.3}{Appendices}{}% 50
\BOOKMARK [1][-]{section.1}{Lecture notes}{}% 51
\BOOKMARK [1][-]{section.2}{Trigonometric formula tables}{}% 52
\BOOKMARK [1][-]{section.3}{Trigonometric tables}{}% 53
